TN:
SF:src/App.tsx
FN:4,(anonymous_0)
FNF:1
FNH:0
FNDA:0,(anonymous_0)
DA:4,0
LF:1
LH:0
BRF:0
BRH:0
end_of_record
TN:
SF:src/main.tsx
FNF:0
FNH:0
DA:22,0
LF:1
LH:0
BRF:0
BRH:0
end_of_record
TN:
SF:src/components/cloudinary/CloudinaryWidget.tsx
FN:11,CloudinaryUploadWidget
FN:20,(anonymous_1)
FN:21,(anonymous_2)
FN:23,(anonymous_3)
FN:33,(anonymous_4)
FN:42,(anonymous_5)
FN:46,(anonymous_6)
FN:75,(anonymous_7)
FNF:8
FNH:0
FNDA:0,CloudinaryUploadWidget
FNDA:0,(anonymous_1)
FNDA:0,(anonymous_2)
FNDA:0,(anonymous_3)
FNDA:0,(anonymous_4)
FNDA:0,(anonymous_5)
FNDA:0,(anonymous_6)
FNDA:0,(anonymous_7)
DA:9,0
DA:19,0
DA:20,0
DA:21,0
DA:23,0
DA:25,0
DA:26,0
DA:27,0
DA:29,0
DA:30,0
DA:31,0
DA:32,0
DA:33,0
DA:34,0
DA:37,0
DA:42,0
DA:43,0
DA:44,0
DA:50,0
DA:51,0
DA:52,0
DA:54,0
DA:55,0
DA:61,0
DA:69,0
DA:73,0
DA:76,0
DA:83,0
LF:28
LH:0
BRDA:13,0,0,0
BRDA:25,1,0,0
BRDA:25,1,1,0
BRDA:27,2,0,0
BRDA:27,2,1,0
BRDA:43,3,0,0
BRDA:43,3,1,0
BRDA:43,4,0,0
BRDA:43,4,1,0
BRDA:50,5,0,0
BRDA:50,5,1,0
BRDA:50,6,0,0
BRDA:50,6,1,0
BRDA:50,6,2,0
BRDA:54,7,0,0
BRDA:54,7,1,0
BRDA:69,8,0,0
BRDA:69,8,1,0
BRF:18
BRH:0
end_of_record
TN:
SF:src/components/color-picker/ColorPickerComponent.tsx
FN:8,(anonymous_0)
FNF:1
FNH:0
FNDA:0,(anonymous_0)
DA:8,0
DA:12,0
LF:2
LH:0
BRDA:12,0,0,0
BRDA:12,0,1,0
BRF:2
BRH:0
end_of_record
TN:
SF:src/components/comercial-container/ComercialContainer.tsx
FN:27,CustomTabPanel
FN:43,a11yProps
FN:50,(anonymous_2)
FN:52,(anonymous_3)
FN:53,(anonymous_4)
FN:54,(anonymous_5)
FN:56,(anonymous_6)
FN:60,(anonymous_7)
FN:64,(anonymous_8)
FN:68,(anonymous_9)
FN:77,(anonymous_10)
FN:81,(anonymous_11)
FN:83,(anonymous_12)
FN:106,(anonymous_13)
FN:133,(anonymous_14)
FN:179,(anonymous_15)
FN:203,(anonymous_16)
FNF:17
FNH:0
FNDA:0,CustomTabPanel
FNDA:0,a11yProps
FNDA:0,(anonymous_2)
FNDA:0,(anonymous_3)
FNDA:0,(anonymous_4)
FNDA:0,(anonymous_5)
FNDA:0,(anonymous_6)
FNDA:0,(anonymous_7)
FNDA:0,(anonymous_8)
FNDA:0,(anonymous_9)
FNDA:0,(anonymous_10)
FNDA:0,(anonymous_11)
FNDA:0,(anonymous_12)
FNDA:0,(anonymous_13)
FNDA:0,(anonymous_14)
FNDA:0,(anonymous_15)
FNDA:0,(anonymous_16)
DA:15,0
DA:28,0
DA:30,0
DA:44,0
DA:50,0
DA:51,0
DA:52,0
DA:53,0
DA:54,0
DA:56,0
DA:57,0
DA:60,0
DA:61,0
DA:62,0
DA:64,0
DA:65,0
DA:66,0
DA:68,0
DA:69,0
DA:70,0
DA:71,0
DA:72,0
DA:73,0
DA:74,0
DA:77,0
DA:80,0
DA:82,0
DA:83,0
DA:84,0
DA:91,0
DA:94,0
DA:97,0
DA:98,0
DA:99,0
DA:107,0
DA:112,0
DA:116,0
DA:134,0
DA:180,0
DA:203,0
LF:40
LH:0
BRDA:38,0,0,0
BRDA:38,0,1,0
BRDA:61,1,0,0
BRDA:61,1,1,0
BRDA:62,2,0,0
BRDA:62,2,1,0
BRDA:62,3,0,0
BRDA:62,3,1,0
BRDA:83,4,0,0
BRDA:83,4,1,0
BRDA:98,5,0,0
BRDA:98,5,1,0
BRDA:203,6,0,0
BRDA:203,6,1,0
BRF:14
BRH:0
end_of_record
TN:
SF:src/components/confirmation/ConfirmationComponent.tsx
FN:18,(anonymous_0)
FN:19,(anonymous_1)
FN:20,(anonymous_2)
FN:21,(anonymous_3)
FN:22,(anonymous_4)
FN:23,(anonymous_5)
FN:24,(anonymous_6)
FN:26,(anonymous_7)
FNF:8
FNH:0
FNDA:0,(anonymous_0)
FNDA:0,(anonymous_1)
FNDA:0,(anonymous_2)
FNDA:0,(anonymous_3)
FNDA:0,(anonymous_4)
FNDA:0,(anonymous_5)
FNDA:0,(anonymous_6)
FNDA:0,(anonymous_7)
DA:18,0
DA:19,0
DA:20,0
DA:21,0
DA:22,0
DA:23,0
DA:24,0
DA:26,0
DA:28,0
LF:9
LH:0
BRF:0
BRH:0
end_of_record
TN:
SF:src/components/dialogs/DialogueCustomContent.tsx
FN:13,(anonymous_0)
FN:17,(anonymous_1)
FN:24,(anonymous_2)
FN:25,(anonymous_3)
FNF:4
FNH:1
FNDA:10,(anonymous_0)
FNDA:0,(anonymous_1)
FNDA:0,(anonymous_2)
FNDA:0,(anonymous_3)
DA:13,3
DA:14,10
DA:17,0
DA:24,0
DA:26,0
DA:27,0
LF:6
LH:2
BRDA:13,0,0,8
BRDA:13,1,0,0
BRDA:27,2,0,0
BRDA:27,2,1,0
BRF:4
BRH:1
end_of_record
TN:
SF:src/components/dialogs/DialogueMultiselect.tsx
FN:16,(anonymous_0)
FN:24,(anonymous_1)
FN:28,(anonymous_2)
FN:41,(anonymous_3)
FN:49,(anonymous_4)
FNF:5
FNH:1
FNDA:4,(anonymous_0)
FNDA:0,(anonymous_1)
FNDA:0,(anonymous_2)
FNDA:0,(anonymous_3)
FNDA:0,(anonymous_4)
DA:16,2
DA:26,4
DA:28,0
DA:42,0
DA:43,0
DA:50,0
DA:51,0
LF:7
LH:2
BRDA:23,0,0,0
BRDA:24,1,0,0
BRF:2
BRH:0
end_of_record
TN:
SF:src/components/header/HeaderComponent.tsx
FN:5,(anonymous_0)
FN:6,(anonymous_1)
FNF:2
FNH:0
FNDA:0,(anonymous_0)
FNDA:0,(anonymous_1)
DA:5,0
DA:6,0
DA:8,0
DA:10,0
LF:4
LH:0
BRDA:8,0,0,0
BRDA:8,0,1,0
BRF:2
BRH:0
end_of_record
TN:
SF:src/components/menu/MenuComponent.tsx
FN:28,(anonymous_0)
FN:30,(anonymous_1)
FN:31,(anonymous_2)
FN:32,(anonymous_3)
FN:41,(anonymous_4)
FN:42,(anonymous_5)
FN:43,(anonymous_6)
FN:44,(anonymous_7)
FN:45,(anonymous_8)
FN:46,(anonymous_9)
FN:47,(anonymous_10)
FN:50,(anonymous_11)
FN:51,(anonymous_12)
FN:55,(anonymous_13)
FN:56,(anonymous_14)
FN:59,(anonymous_15)
FN:67,(anonymous_16)
FN:80,(anonymous_17)
FN:114,(anonymous_18)
FN:121,(anonymous_19)
FN:136,(anonymous_20)
FN:149,(anonymous_21)
FN:155,(anonymous_22)
FN:172,(anonymous_23)
FN:189,(anonymous_24)
FN:211,(anonymous_25)
FN:251,(anonymous_26)
FN:259,(anonymous_27)
FN:271,(anonymous_28)
FN:306,(anonymous_29)
FN:316,(anonymous_30)
FNF:31
FNH:0
FNDA:0,(anonymous_0)
FNDA:0,(anonymous_1)
FNDA:0,(anonymous_2)
FNDA:0,(anonymous_3)
FNDA:0,(anonymous_4)
FNDA:0,(anonymous_5)
FNDA:0,(anonymous_6)
FNDA:0,(anonymous_7)
FNDA:0,(anonymous_8)
FNDA:0,(anonymous_9)
FNDA:0,(anonymous_10)
FNDA:0,(anonymous_11)
FNDA:0,(anonymous_12)
FNDA:0,(anonymous_13)
FNDA:0,(anonymous_14)
FNDA:0,(anonymous_15)
FNDA:0,(anonymous_16)
FNDA:0,(anonymous_17)
FNDA:0,(anonymous_18)
FNDA:0,(anonymous_19)
FNDA:0,(anonymous_20)
FNDA:0,(anonymous_21)
FNDA:0,(anonymous_22)
FNDA:0,(anonymous_23)
FNDA:0,(anonymous_24)
FNDA:0,(anonymous_25)
FNDA:0,(anonymous_26)
FNDA:0,(anonymous_27)
FNDA:0,(anonymous_28)
FNDA:0,(anonymous_29)
FNDA:0,(anonymous_30)
DA:28,0
DA:29,0
DA:30,0
DA:31,0
DA:32,0
DA:35,0
DA:36,0
DA:39,0
DA:41,0
DA:42,0
DA:43,0
DA:44,0
DA:45,0
DA:46,0
DA:47,0
DA:49,0
DA:50,0
DA:51,0
DA:53,0
DA:56,0
DA:59,0
DA:62,0
DA:68,0
DA:80,0
DA:81,0
DA:82,0
DA:87,0
DA:88,0
DA:93,0
DA:95,0
DA:100,0
DA:103,0
DA:108,0
DA:110,0
DA:114,0
DA:116,0
DA:122,0
DA:137,0
DA:150,0
DA:155,0
DA:164,0
DA:173,0
DA:190,0
DA:212,0
DA:251,0
DA:260,0
DA:272,0
DA:306,0
DA:317,0
LF:49
LH:0
BRDA:35,0,0,0
BRDA:35,0,1,0
BRDA:49,1,0,0
BRDA:49,1,1,0
BRDA:51,2,0,0
BRDA:51,2,1,0
BRDA:56,3,0,0
BRDA:56,3,1,0
BRDA:87,4,0,0
BRDA:87,4,1,0
BRDA:168,5,0,0
BRDA:168,5,1,0
BRDA:173,6,0,0
BRDA:173,6,1,0
BRDA:173,7,0,0
BRDA:173,7,1,0
BRDA:184,8,0,0
BRDA:184,8,1,0
BRDA:184,8,2,0
BRDA:190,9,0,0
BRDA:190,9,1,0
BRDA:190,10,0,0
BRDA:190,10,1,0
BRDA:193,11,0,0
BRDA:193,11,1,0
BRDA:201,12,0,0
BRDA:201,12,1,0
BRDA:207,13,0,0
BRDA:207,13,1,0
BRDA:212,14,0,0
BRDA:212,14,1,0
BRDA:212,15,0,0
BRDA:212,15,1,0
BRDA:238,16,0,0
BRDA:238,16,1,0
BRDA:245,17,0,0
BRDA:245,17,1,0
BRDA:257,18,0,0
BRDA:257,18,1,0
BRDA:257,19,0,0
BRDA:257,19,1,0
BRDA:264,20,0,0
BRDA:264,20,1,0
BRDA:277,21,0,0
BRDA:277,21,1,0
BRDA:299,22,0,0
BRDA:299,22,1,0
BRF:47
BRH:0
end_of_record
TN:
SF:src/components/menu-secondary/SecondaryActions.tsx
FN:17,SecondaryActions
FN:20,(anonymous_1)
FN:23,(anonymous_2)
FN:56,(anonymous_3)
FN:60,(anonymous_4)
FNF:5
FNH:0
FNDA:0,SecondaryActions
FNDA:0,(anonymous_1)
FNDA:0,(anonymous_2)
FNDA:0,(anonymous_3)
FNDA:0,(anonymous_4)
DA:7,0
DA:18,0
DA:19,0
DA:20,0
DA:21,0
DA:23,0
DA:24,0
DA:27,0
DA:57,0
DA:60,0
LF:10
LH:0
BRDA:32,0,0,0
BRDA:32,0,1,0
BRDA:33,1,0,0
BRDA:33,1,1,0
BRF:4
BRH:0
end_of_record
TN:
SF:src/components/modal/ModalComponent.tsx
FN:18,ModalComponent
FN:19,(anonymous_1)
FN:20,(anonymous_2)
FN:22,(anonymous_3)
FNF:4
FNH:0
FNDA:0,ModalComponent
FNDA:0,(anonymous_1)
FNDA:0,(anonymous_2)
FNDA:0,(anonymous_3)
DA:19,0
DA:20,0
DA:22,0
DA:23,0
DA:26,0
LF:5
LH:0
BRDA:35,0,0,0
BRDA:35,0,1,0
BRF:2
BRH:0
end_of_record
TN:
SF:src/components/multi-select/MultiselectComponent.tsx
FN:22,getStyles
FN:37,(anonymous_1)
FN:45,(anonymous_2)
FN:62,(anonymous_3)
FN:64,(anonymous_4)
FN:73,(anonymous_5)
FNF:6
FNH:0
FNDA:0,getStyles
FNDA:0,(anonymous_1)
FNDA:0,(anonymous_2)
FNDA:0,(anonymous_3)
FNDA:0,(anonymous_4)
FNDA:0,(anonymous_5)
DA:11,2
DA:12,2
DA:13,2
DA:23,0
DA:37,2
DA:43,0
DA:45,0
DA:48,0
DA:49,0
DA:52,0
DA:63,0
DA:65,0
DA:74,0
LF:13
LH:4
BRDA:24,0,0,0
BRDA:24,0,1,0
BRDA:49,1,0,0
BRDA:49,1,1,0
BRDA:73,2,0,0
BRDA:73,2,1,0
BRF:6
BRH:0
end_of_record
TN:
SF:src/components/priority-input/PriorityInput.tsx
FN:16,(anonymous_0)
FN:37,(anonymous_1)
FNF:2
FNH:1
FNDA:2,(anonymous_0)
FNDA:0,(anonymous_1)
DA:16,2
DA:24,2
DA:37,0
LF:3
LH:2
BRF:0
BRH:0
end_of_record
TN:
SF:src/components/profile-menu/ProfileMenuComponent.tsx
FN:27,ProfileMenu
FN:28,(anonymous_1)
FN:29,(anonymous_2)
FN:30,(anonymous_3)
FN:31,(anonymous_4)
FN:32,(anonymous_5)
FN:33,(anonymous_6)
FN:43,(anonymous_7)
FN:46,(anonymous_8)
FN:50,(anonymous_9)
FN:96,(anonymous_10)
FN:111,(anonymous_11)
FN:200,(anonymous_12)
FN:209,(anonymous_13)
FNF:14
FNH:0
FNDA:0,ProfileMenu
FNDA:0,(anonymous_1)
FNDA:0,(anonymous_2)
FNDA:0,(anonymous_3)
FNDA:0,(anonymous_4)
FNDA:0,(anonymous_5)
FNDA:0,(anonymous_6)
FNDA:0,(anonymous_7)
FNDA:0,(anonymous_8)
FNDA:0,(anonymous_9)
FNDA:0,(anonymous_10)
FNDA:0,(anonymous_11)
FNDA:0,(anonymous_12)
FNDA:0,(anonymous_13)
DA:28,0
DA:29,0
DA:30,0
DA:31,0
DA:32,0
DA:33,0
DA:34,0
DA:35,0
DA:36,0
DA:38,0
DA:43,0
DA:44,0
DA:46,0
DA:47,0
DA:50,0
DA:51,0
DA:52,0
DA:53,0
DA:54,0
DA:55,0
DA:61,0
DA:62,0
DA:65,0
DA:72,0
DA:79,0
DA:85,0
DA:96,0
DA:97,0
DA:98,0
DA:99,0
DA:101,0
DA:108,0
DA:111,0
DA:112,0
DA:113,0
DA:114,0
DA:115,0
DA:116,0
DA:120,0
DA:210,0
DA:211,0
LF:41
LH:0
BRDA:52,0,0,0
BRDA:52,0,1,0
BRDA:52,1,0,0
BRDA:52,1,1,0
BRDA:54,2,0,0
BRDA:54,2,1,0
BRDA:81,3,0,0
BRDA:81,3,1,0
BRDA:88,4,0,0
BRDA:88,4,1,0
BRDA:99,5,0,0
BRDA:99,5,1,0
BRDA:104,6,0,0
BRDA:104,6,1,0
BRDA:112,7,0,0
BRDA:112,7,1,0
BRDA:131,8,0,0
BRDA:131,8,1,0
BRDA:133,9,0,0
BRDA:133,9,1,0
BRDA:135,10,0,0
BRDA:135,10,1,0
BRDA:144,11,0,0
BRDA:144,11,1,0
BRDA:205,12,0,0
BRDA:205,12,1,0
BRDA:215,13,0,0
BRDA:215,13,1,0
BRDA:218,14,0,0
BRDA:218,14,1,0
BRF:30
BRH:0
end_of_record
TN:
SF:src/components/projects-form/ProjectsFormComponent.tsx
FN:12,(anonymous_0)
FN:15,(anonymous_1)
FN:16,(anonymous_2)
FN:17,(anonymous_3)
FN:18,(anonymous_4)
FN:19,(anonymous_5)
FN:20,(anonymous_6)
FN:34,(anonymous_7)
FN:104,(anonymous_8)
FN:108,(anonymous_9)
FNF:10
FNH:0
FNDA:0,(anonymous_0)
FNDA:0,(anonymous_1)
FNDA:0,(anonymous_2)
FNDA:0,(anonymous_3)
FNDA:0,(anonymous_4)
FNDA:0,(anonymous_5)
FNDA:0,(anonymous_6)
FNDA:0,(anonymous_7)
FNDA:0,(anonymous_8)
FNDA:0,(anonymous_9)
DA:12,0
DA:15,0
DA:16,0
DA:17,0
DA:18,0
DA:19,0
DA:20,0
DA:26,0
DA:34,0
DA:35,0
DA:36,0
DA:37,0
DA:40,0
DA:41,0
DA:45,0
DA:47,0
DA:49,0
DA:50,0
DA:59,0
DA:67,0
DA:72,0
DA:83,0
DA:104,0
DA:109,0
LF:24
LH:0
BRDA:28,0,0,0
BRDA:28,0,1,0
BRDA:40,1,0,0
BRDA:40,1,1,0
BRDA:49,2,0,0
BRDA:49,2,1,0
BRDA:54,3,0,0
BRDA:54,3,1,0
BRDA:68,4,0,0
BRDA:68,4,1,0
BRDA:76,5,0,0
BRDA:76,5,1,0
BRDA:103,6,0,0
BRDA:103,6,1,0
BRDA:139,7,0,0
BRDA:139,7,1,0
BRF:16
BRH:0
end_of_record
TN:
SF:src/components/provider-container/ProviderContainer.tsx
FN:34,CustomTabPanel
FN:50,a11yProps
FN:59,(anonymous_2)
FN:65,(anonymous_3)
FN:66,(anonymous_4)
FN:67,(anonymous_5)
FN:68,(anonymous_6)
FN:77,(anonymous_7)
FN:87,(anonymous_8)
FN:99,(anonymous_9)
FN:155,(anonymous_10)
FN:172,(anonymous_11)
FN:176,(anonymous_12)
FN:177,(anonymous_13)
FNF:14
FNH:0
FNDA:0,CustomTabPanel
FNDA:0,a11yProps
FNDA:0,(anonymous_2)
FNDA:0,(anonymous_3)
FNDA:0,(anonymous_4)
FNDA:0,(anonymous_5)
FNDA:0,(anonymous_6)
FNDA:0,(anonymous_7)
FNDA:0,(anonymous_8)
FNDA:0,(anonymous_9)
FNDA:0,(anonymous_10)
FNDA:0,(anonymous_11)
FNDA:0,(anonymous_12)
FNDA:0,(anonymous_13)
DA:35,0
DA:37,0
DA:51,0
DA:57,0
DA:59,0
DA:60,0
DA:61,0
DA:62,0
DA:63,0
DA:64,0
DA:65,0
DA:66,0
DA:67,0
DA:68,0
DA:71,0
DA:78,0
DA:88,0
DA:97,0
DA:99,0
DA:100,0
DA:101,0
DA:107,0
DA:110,0
DA:111,0
DA:117,0
DA:119,0
DA:120,0
DA:126,0
DA:129,0
DA:138,0
DA:140,0
DA:141,0
DA:147,0
DA:155,0
DA:156,0
DA:157,0
DA:160,0
DA:161,0
DA:163,0
DA:169,0
DA:172,0
DA:173,0
DA:176,0
DA:177,0
DA:182,0
DA:185,0
LF:46
LH:0
BRDA:45,0,0,0
BRDA:45,0,1,0
BRDA:100,1,0,0
BRDA:100,1,1,0
BRDA:100,2,0,0
BRDA:100,2,1,0
BRDA:110,3,0,0
BRDA:110,3,1,0
BRDA:110,4,0,0
BRDA:110,4,1,0
BRDA:119,5,0,0
BRDA:119,5,1,0
BRDA:132,6,0,0
BRDA:132,6,1,0
BRDA:133,7,0,0
BRDA:133,7,1,0
BRDA:140,8,0,0
BRDA:140,8,1,0
BRDA:149,9,0,0
BRDA:149,9,1,0
BRDA:160,10,0,0
BRDA:160,10,1,0
BRDA:200,11,0,0
BRDA:200,11,1,0
BRDA:290,12,0,0
BRDA:290,12,1,0
BRDA:315,13,0,0
BRDA:315,13,1,0
BRDA:320,14,0,0
BRDA:320,14,1,0
BRDA:323,15,0,0
BRDA:323,15,1,0
BRF:32
BRH:0
end_of_record
TN:
SF:src/components/snackbar/SnackbarComponent.tsx
FN:11,(anonymous_0)
FN:12,(anonymous_1)
FN:13,(anonymous_2)
FN:14,(anonymous_3)
FN:15,(anonymous_4)
FN:16,(anonymous_5)
FN:19,(anonymous_6)
FNF:7
FNH:0
FNDA:0,(anonymous_0)
FNDA:0,(anonymous_1)
FNDA:0,(anonymous_2)
FNDA:0,(anonymous_3)
FNDA:0,(anonymous_4)
FNDA:0,(anonymous_5)
FNDA:0,(anonymous_6)
DA:11,0
DA:12,0
DA:13,0
DA:14,0
DA:15,0
DA:16,0
DA:19,0
DA:23,0
DA:24,0
DA:26,0
DA:29,0
LF:11
LH:0
BRDA:23,0,0,0
BRDA:23,0,1,0
BRDA:34,1,0,0
BRDA:34,1,1,0
BRF:4
BRH:0
end_of_record
TN:
SF:src/components/stock-form/StockFormComponent.tsx
FN:11,(anonymous_0)
FN:14,(anonymous_1)
FN:15,(anonymous_2)
FN:16,(anonymous_3)
FN:17,(anonymous_4)
FN:18,(anonymous_5)
FN:26,(anonymous_6)
FNF:7
FNH:0
FNDA:0,(anonymous_0)
FNDA:0,(anonymous_1)
FNDA:0,(anonymous_2)
FNDA:0,(anonymous_3)
FNDA:0,(anonymous_4)
FNDA:0,(anonymous_5)
FNDA:0,(anonymous_6)
DA:11,0
DA:14,0
DA:15,0
DA:16,0
DA:17,0
DA:18,0
DA:24,0
DA:26,0
DA:27,0
DA:28,0
DA:29,0
DA:32,0
DA:33,0
DA:34,0
DA:36,0
DA:37,0
DA:46,0
DA:54,0
DA:58,0
DA:67,0
DA:70,0
LF:21
LH:0
BRDA:32,0,0,0
BRDA:32,0,1,0
BRDA:36,1,0,0
BRDA:36,1,1,0
BRDA:41,2,0,0
BRDA:41,2,1,0
BRDA:55,3,0,0
BRDA:55,3,1,0
BRDA:62,4,0,0
BRDA:62,4,1,0
BRDA:120,5,0,0
BRDA:120,5,1,0
BRF:12
BRH:0
end_of_record
TN:
SF:src/components/table/LicitationTableComponent.tsx
FN:34,LicitationTableComponent
FN:41,(anonymous_1)
FN:42,(anonymous_2)
FN:43,(anonymous_3)
FN:52,(anonymous_4)
FN:62,(anonymous_5)
FN:68,(anonymous_6)
FN:77,(anonymous_7)
FN:81,(anonymous_8)
FN:90,(anonymous_9)
FN:134,(anonymous_10)
FN:140,(anonymous_11)
FN:148,(anonymous_12)
FN:150,(anonymous_13)
FN:164,(anonymous_14)
FN:179,(anonymous_15)
FN:225,(anonymous_16)
FNF:17
FNH:0
FNDA:0,LicitationTableComponent
FNDA:0,(anonymous_1)
FNDA:0,(anonymous_2)
FNDA:0,(anonymous_3)
FNDA:0,(anonymous_4)
FNDA:0,(anonymous_5)
FNDA:0,(anonymous_6)
FNDA:0,(anonymous_7)
FNDA:0,(anonymous_8)
FNDA:0,(anonymous_9)
FNDA:0,(anonymous_10)
FNDA:0,(anonymous_11)
FNDA:0,(anonymous_12)
FNDA:0,(anonymous_13)
FNDA:0,(anonymous_14)
FNDA:0,(anonymous_15)
FNDA:0,(anonymous_16)
DA:13,0
DA:15,0
DA:40,0
DA:41,0
DA:42,0
DA:43,0
DA:46,0
DA:53,0
DA:63,0
DA:68,0
DA:69,0
DA:70,0
DA:71,0
DA:72,0
DA:73,0
DA:76,0
DA:78,0
DA:79,0
DA:81,0
DA:82,0
DA:83,0
DA:84,0
DA:85,0
DA:86,0
DA:88,0
DA:90,0
DA:93,0
DA:99,0
DA:100,0
DA:103,0
DA:108,0
DA:112,0
DA:119,0
DA:120,0
DA:123,0
DA:124,0
DA:130,0
DA:131,0
DA:134,0
DA:135,0
DA:136,0
DA:137,0
DA:140,0
DA:141,0
DA:142,0
DA:147,0
DA:149,0
DA:150,0
DA:151,0
DA:152,0
DA:158,0
DA:159,0
DA:162,0
DA:164,0
DA:169,0
DA:171,0
DA:172,0
DA:180,0
DA:185,0
DA:189,0
DA:225,0
LF:61
LH:0
BRDA:70,0,0,0
BRDA:70,0,1,0
BRDA:71,1,0,0
BRDA:71,1,1,0
BRDA:71,2,0,0
BRDA:71,2,1,0
BRDA:88,3,0,0
BRDA:88,3,1,0
BRDA:90,4,0,0
BRDA:90,4,1,0
BRDA:90,4,2,0
BRDA:108,5,0,0
BRDA:108,5,1,0
BRDA:109,6,0,0
BRDA:109,6,1,0
BRDA:123,7,0,0
BRDA:123,7,1,0
BRDA:150,8,0,0
BRDA:150,8,1,0
BRDA:225,9,0,0
BRDA:225,9,1,0
BRF:21
BRH:0
end_of_record
TN:
SF:src/components/table/ProjectsTableComponent.tsx
FN:27,ProjectsTable
FN:28,(anonymous_1)
FN:29,(anonymous_2)
FN:30,(anonymous_3)
FN:31,(anonymous_4)
FN:32,(anonymous_5)
FN:42,(anonymous_6)
FN:46,(anonymous_7)
FN:59,(anonymous_8)
FN:73,(anonymous_9)
FN:81,(anonymous_10)
FN:96,(anonymous_11)
FN:111,(anonymous_12)
FN:121,(anonymous_13)
FN:140,(anonymous_14)
FN:156,(anonymous_15)
FN:181,(anonymous_16)
FN:188,(anonymous_17)
FN:192,(anonymous_18)
FN:211,(anonymous_19)
FN:220,(anonymous_20)
FNF:21
FNH:0
FNDA:0,ProjectsTable
FNDA:0,(anonymous_1)
FNDA:0,(anonymous_2)
FNDA:0,(anonymous_3)
FNDA:0,(anonymous_4)
FNDA:0,(anonymous_5)
FNDA:0,(anonymous_6)
FNDA:0,(anonymous_7)
FNDA:0,(anonymous_8)
FNDA:0,(anonymous_9)
FNDA:0,(anonymous_10)
FNDA:0,(anonymous_11)
FNDA:0,(anonymous_12)
FNDA:0,(anonymous_13)
FNDA:0,(anonymous_14)
FNDA:0,(anonymous_15)
FNDA:0,(anonymous_16)
FNDA:0,(anonymous_17)
FNDA:0,(anonymous_18)
FNDA:0,(anonymous_19)
FNDA:0,(anonymous_20)
DA:25,0
DA:28,0
DA:29,0
DA:30,0
DA:31,0
DA:32,0
DA:34,0
DA:43,0
DA:44,0
DA:47,0
DA:56,0
DA:60,0
DA:74,0
DA:82,0
DA:97,0
DA:112,0
DA:122,0
DA:141,0
DA:157,0
DA:181,0
DA:188,0
DA:192,0
DA:193,0
DA:195,0
DA:196,0
DA:202,0
DA:208,0
DA:211,0
DA:215,0
DA:220,0
DA:227,0
LF:31
LH:0
BRDA:43,0,0,0
BRDA:43,0,1,0
BRDA:99,1,0,0
BRDA:99,1,1,0
BRDA:113,2,0,0
BRDA:113,2,1,0
BRDA:116,3,0,0
BRDA:116,3,1,0
BRDA:132,4,0,0
BRDA:132,4,1,0
BRDA:135,5,0,0
BRDA:135,5,1,0
BRDA:151,6,0,0
BRDA:151,6,1,0
BRDA:195,7,0,0
BRDA:195,7,1,0
BRDA:204,8,0,0
BRDA:204,8,1,0
BRF:18
BRH:0
end_of_record
TN:
SF:src/components/table/StockTableComponent.tsx
FN:28,StockTableComponent
FN:30,(anonymous_1)
FN:31,(anonymous_2)
FN:32,(anonymous_3)
FN:34,(anonymous_4)
FN:57,(anonymous_5)
FN:63,(anonymous_6)
FN:78,(anonymous_7)
FN:82,(anonymous_8)
FN:94,(anonymous_9)
FN:106,(anonymous_10)
FN:122,(anonymous_11)
FN:132,(anonymous_12)
FN:137,(anonymous_13)
FN:151,(anonymous_14)
FN:153,(anonymous_15)
FN:158,(anonymous_16)
FN:173,(anonymous_17)
FN:178,(anonymous_18)
FN:189,(anonymous_19)
FN:226,(anonymous_20)
FNF:21
FNH:0
FNDA:0,StockTableComponent
FNDA:0,(anonymous_1)
FNDA:0,(anonymous_2)
FNDA:0,(anonymous_3)
FNDA:0,(anonymous_4)
FNDA:0,(anonymous_5)
FNDA:0,(anonymous_6)
FNDA:0,(anonymous_7)
FNDA:0,(anonymous_8)
FNDA:0,(anonymous_9)
FNDA:0,(anonymous_10)
FNDA:0,(anonymous_11)
FNDA:0,(anonymous_12)
FNDA:0,(anonymous_13)
FNDA:0,(anonymous_14)
FNDA:0,(anonymous_15)
FNDA:0,(anonymous_16)
FNDA:0,(anonymous_17)
FNDA:0,(anonymous_18)
FNDA:0,(anonymous_19)
FNDA:0,(anonymous_20)
DA:24,0
DA:29,0
DA:30,0
DA:31,0
DA:32,0
DA:34,0
DA:36,0
DA:37,0
DA:38,0
DA:39,0
DA:41,0
DA:42,0
DA:48,0
DA:54,0
DA:57,0
DA:58,0
DA:63,0
DA:70,0
DA:79,0
DA:82,0
DA:94,0
DA:107,0
DA:123,0
DA:133,0
DA:138,0
DA:151,0
DA:154,0
DA:159,0
DA:174,0
DA:179,0
DA:189,0
DA:194,0
DA:195,0
DA:196,0
DA:198,0
DA:199,0
DA:200,0
DA:206,0
DA:214,0
DA:215,0
DA:223,0
DA:226,0
LF:42
LH:0
BRDA:36,0,0,0
BRDA:36,0,1,0
BRDA:38,1,0,0
BRDA:38,1,1,0
BRDA:41,2,0,0
BRDA:41,2,1,0
BRDA:44,3,0,0
BRDA:44,3,1,0
BRDA:50,4,0,0
BRDA:50,4,1,0
BRDA:81,5,0,0
BRDA:81,5,1,0
BRDA:83,6,0,0
BRDA:83,6,1,0
BRDA:125,7,0,0
BRDA:125,7,1,0
BRDA:195,8,0,0
BRDA:195,8,1,0
BRDA:195,9,0,0
BRDA:195,9,1,0
BRDA:196,10,0,0
BRDA:196,10,1,0
BRDA:199,11,0,0
BRDA:199,11,1,0
BRF:24
BRH:0
end_of_record
TN:
SF:src/components/table/TasksTableComponent.tsx
FN:83,TasksTable
FN:85,(anonymous_1)
FN:86,(anonymous_2)
FN:87,(anonymous_3)
FN:88,(anonymous_4)
FN:89,(anonymous_5)
FN:90,(anonymous_6)
FN:119,(anonymous_7)
FN:153,(anonymous_8)
FN:155,(anonymous_9)
FN:157,(anonymous_10)
FN:168,(anonymous_11)
FN:203,(anonymous_12)
FN:236,(anonymous_13)
FN:272,(anonymous_14)
FN:310,(anonymous_15)
FN:315,(anonymous_16)
FN:315,(anonymous_17)
FN:316,(anonymous_18)
FN:347,(anonymous_19)
FN:366,(anonymous_20)
FN:371,(anonymous_21)
FN:375,(anonymous_22)
FN:378,(anonymous_23)
FN:378,(anonymous_24)
FN:380,(anonymous_25)
FN:388,(anonymous_26)
FN:389,(anonymous_27)
FN:392,(anonymous_28)
FN:399,(anonymous_29)
FN:414,(anonymous_30)
FN:417,(anonymous_31)
FN:425,(anonymous_32)
FN:434,(anonymous_33)
FN:442,(anonymous_34)
FN:450,(anonymous_35)
FN:463,(anonymous_36)
FN:467,(anonymous_37)
FN:480,(anonymous_38)
FN:502,(anonymous_39)
FN:518,(anonymous_40)
FN:539,(anonymous_41)
FN:550,(anonymous_42)
FN:556,(anonymous_43)
FN:564,(anonymous_44)
FN:576,(anonymous_45)
FN:581,(anonymous_46)
FN:599,(anonymous_47)
FN:605,(anonymous_48)
FN:609,(anonymous_49)
FN:612,(anonymous_50)
FN:613,(anonymous_51)
FN:633,(anonymous_52)
FN:638,(anonymous_53)
FN:640,(anonymous_54)
FN:648,(anonymous_55)
FN:650,(anonymous_56)
FN:654,(anonymous_57)
FN:672,(anonymous_58)
FN:679,(anonymous_59)
FN:681,(anonymous_60)
FN:703,(anonymous_61)
FN:716,(anonymous_62)
FN:718,(anonymous_63)
FN:733,(anonymous_64)
FN:736,(anonymous_65)
FN:738,(anonymous_66)
FN:754,(anonymous_67)
FN:771,(anonymous_68)
FN:772,(anonymous_69)
FN:773,(anonymous_70)
FN:775,(anonymous_71)
FN:785,(anonymous_72)
FN:788,(anonymous_73)
FN:791,(anonymous_74)
FN:812,(anonymous_75)
FN:820,(anonymous_76)
FN:835,(anonymous_77)
FN:853,(anonymous_78)
FN:853,(anonymous_79)
FN:861,(anonymous_80)
FN:875,(anonymous_81)
FN:880,(anonymous_82)
FN:891,(anonymous_83)
FN:896,(anonymous_84)
FN:904,(anonymous_85)
FN:911,(anonymous_86)
FN:912,(anonymous_87)
FN:918,(anonymous_88)
FNF:89
FNH:5
FNDA:2,TasksTable
FNDA:6,(anonymous_1)
FNDA:6,(anonymous_2)
FNDA:0,(anonymous_3)
FNDA:0,(anonymous_4)
FNDA:0,(anonymous_5)
FNDA:1,(anonymous_6)
FNDA:0,(anonymous_7)
FNDA:0,(anonymous_8)
FNDA:0,(anonymous_9)
FNDA:0,(anonymous_10)
FNDA:0,(anonymous_11)
FNDA:0,(anonymous_12)
FNDA:0,(anonymous_13)
FNDA:0,(anonymous_14)
FNDA:0,(anonymous_15)
FNDA:0,(anonymous_16)
FNDA:0,(anonymous_17)
FNDA:0,(anonymous_18)
FNDA:0,(anonymous_19)
FNDA:0,(anonymous_20)
FNDA:0,(anonymous_21)
FNDA:2,(anonymous_22)
FNDA:0,(anonymous_23)
FNDA:0,(anonymous_24)
FNDA:0,(anonymous_25)
FNDA:0,(anonymous_26)
FNDA:0,(anonymous_27)
FNDA:0,(anonymous_28)
FNDA:0,(anonymous_29)
FNDA:0,(anonymous_30)
FNDA:0,(anonymous_31)
FNDA:0,(anonymous_32)
FNDA:0,(anonymous_33)
FNDA:0,(anonymous_34)
FNDA:0,(anonymous_35)
FNDA:0,(anonymous_36)
FNDA:0,(anonymous_37)
FNDA:0,(anonymous_38)
FNDA:0,(anonymous_39)
FNDA:0,(anonymous_40)
FNDA:0,(anonymous_41)
FNDA:0,(anonymous_42)
FNDA:0,(anonymous_43)
FNDA:0,(anonymous_44)
FNDA:0,(anonymous_45)
FNDA:0,(anonymous_46)
FNDA:0,(anonymous_47)
FNDA:0,(anonymous_48)
FNDA:0,(anonymous_49)
FNDA:0,(anonymous_50)
FNDA:0,(anonymous_51)
FNDA:0,(anonymous_52)
FNDA:0,(anonymous_53)
FNDA:0,(anonymous_54)
FNDA:0,(anonymous_55)
FNDA:0,(anonymous_56)
FNDA:0,(anonymous_57)
FNDA:0,(anonymous_58)
FNDA:0,(anonymous_59)
FNDA:0,(anonymous_60)
FNDA:0,(anonymous_61)
FNDA:0,(anonymous_62)
FNDA:0,(anonymous_63)
FNDA:0,(anonymous_64)
FNDA:0,(anonymous_65)
FNDA:0,(anonymous_66)
FNDA:0,(anonymous_67)
FNDA:0,(anonymous_68)
FNDA:0,(anonymous_69)
FNDA:0,(anonymous_70)
FNDA:0,(anonymous_71)
FNDA:0,(anonymous_72)
FNDA:0,(anonymous_73)
FNDA:0,(anonymous_74)
FNDA:0,(anonymous_75)
FNDA:0,(anonymous_76)
FNDA:0,(anonymous_77)
FNDA:0,(anonymous_78)
FNDA:0,(anonymous_79)
FNDA:0,(anonymous_80)
FNDA:0,(anonymous_81)
FNDA:0,(anonymous_82)
FNDA:0,(anonymous_83)
FNDA:0,(anonymous_84)
FNDA:0,(anonymous_85)
FNDA:0,(anonymous_86)
FNDA:0,(anonymous_87)
FNDA:0,(anonymous_88)
DA:66,1
DA:84,2
DA:85,6
DA:86,6
DA:87,2
DA:88,2
DA:89,2
DA:90,2
DA:91,2
DA:92,2
DA:93,2
DA:97,2
DA:98,2
DA:100,2
DA:101,2
DA:103,2
DA:104,2
DA:106,2
DA:107,2
DA:109,2
DA:110,2
DA:112,2
DA:113,2
DA:115,2
DA:119,2
DA:124,0
DA:125,0
DA:126,0
DA:128,0
DA:129,0
DA:130,0
DA:136,0
DA:144,0
DA:145,0
DA:153,2
DA:154,0
DA:155,0
DA:156,0
DA:157,0
DA:159,0
DA:160,0
DA:168,2
DA:169,0
DA:170,0
DA:171,0
DA:173,0
DA:174,0
DA:175,0
DA:180,0
DA:182,0
DA:186,0
DA:194,0
DA:195,0
DA:203,2
DA:204,0
DA:205,0
DA:206,0
DA:207,0
DA:208,0
DA:209,0
DA:215,0
DA:219,0
DA:227,0
DA:228,0
DA:236,2
DA:237,0
DA:238,0
DA:239,0
DA:243,0
DA:244,0
DA:245,0
DA:251,0
DA:255,0
DA:263,0
DA:264,0
DA:272,2
DA:273,0
DA:274,0
DA:275,0
DA:280,0
DA:281,0
DA:282,0
DA:288,0
DA:292,0
DA:298,0
DA:301,0
DA:302,0
DA:310,2
DA:311,0
DA:312,0
DA:313,0
DA:315,0
DA:316,0
DA:318,0
DA:319,0
DA:320,0
DA:326,0
DA:330,0
DA:338,0
DA:339,0
DA:347,2
DA:348,0
DA:350,0
DA:351,0
DA:357,0
DA:363,0
DA:366,2
DA:367,0
DA:371,0
DA:375,2
DA:376,2
DA:377,0
DA:378,0
DA:381,0
DA:386,2
DA:387,1
DA:389,0
DA:393,0
DA:397,1
DA:400,0
DA:406,2
DA:414,0
DA:418,0
DA:426,0
DA:435,0
DA:443,0
DA:450,0
DA:465,0
DA:468,0
DA:481,0
DA:503,0
DA:519,0
DA:540,0
DA:551,0
DA:556,0
DA:565,0
DA:566,0
DA:567,0
DA:577,0
DA:582,0
DA:601,0
DA:602,0
DA:604,0
DA:605,0
DA:610,0
DA:613,0
DA:615,0
DA:616,0
DA:626,0
DA:633,0
DA:638,0
DA:640,0
DA:649,0
DA:651,0
DA:652,0
DA:655,0
DA:659,0
DA:673,0
DA:680,0
DA:682,0
DA:683,0
DA:684,0
DA:687,0
DA:704,0
DA:717,0
DA:719,0
DA:720,0
DA:734,0
DA:737,0
DA:739,0
DA:740,0
DA:741,0
DA:755,0
DA:772,0
DA:773,0
DA:775,0
DA:776,0
DA:786,0
DA:789,0
DA:790,0
DA:792,0
DA:795,0
DA:805,2
DA:812,0
DA:821,0
DA:822,0
DA:823,0
DA:835,0
DA:853,0
DA:854,0
DA:861,0
DA:875,0
DA:880,0
DA:891,0
DA:896,0
DA:904,0
DA:911,0
DA:912,0
DA:918,0
LF:199
LH:40
BRDA:116,0,0,2
BRDA:116,0,1,2
BRDA:125,1,0,0
BRDA:125,1,1,0
BRDA:125,2,0,0
BRDA:125,2,1,0
BRDA:126,3,0,0
BRDA:126,3,1,0
BRDA:129,4,0,0
BRDA:129,4,1,0
BRDA:170,5,0,0
BRDA:170,5,1,0
BRDA:172,6,0,0
BRDA:172,6,1,0
BRDA:174,7,0,0
BRDA:174,7,1,0
BRDA:205,8,0,0
BRDA:205,8,1,0
BRDA:208,9,0,0
BRDA:208,9,1,0
BRDA:238,10,0,0
BRDA:238,10,1,0
BRDA:239,11,0,0
BRDA:239,11,1,0
BRDA:244,12,0,0
BRDA:244,12,1,0
BRDA:274,13,0,0
BRDA:274,13,1,0
BRDA:276,14,0,0
BRDA:276,14,1,0
BRDA:276,15,0,0
BRDA:276,15,1,0
BRDA:281,16,0,0
BRDA:281,16,1,0
BRDA:312,17,0,0
BRDA:312,17,1,0
BRDA:314,18,0,0
BRDA:314,18,1,0
BRDA:319,19,0,0
BRDA:319,19,1,0
BRDA:350,20,0,0
BRDA:350,20,1,0
BRDA:376,21,0,0
BRDA:376,21,1,2
BRDA:381,22,0,0
BRDA:381,22,1,0
BRDA:381,22,2,0
BRDA:386,23,0,1
BRDA:386,23,1,1
BRDA:393,24,0,0
BRDA:393,24,1,0
BRDA:393,24,2,0
BRDA:397,25,0,1
BRDA:397,25,1,0
BRDA:400,26,0,0
BRDA:400,26,1,0
BRDA:400,26,2,0
BRDA:461,27,0,2
BRDA:461,27,1,2
BRDA:469,28,0,0
BRDA:469,28,1,0
BRDA:472,29,0,0
BRDA:472,29,1,0
BRDA:491,30,0,0
BRDA:491,30,1,0
BRDA:494,31,0,0
BRDA:494,31,1,0
BRDA:497,32,0,0
BRDA:497,32,1,0
BRDA:513,33,0,0
BRDA:513,33,1,0
BRDA:537,34,0,2
BRDA:537,34,1,2
BRDA:543,35,0,0
BRDA:543,35,1,0
BRDA:549,36,0,0
BRDA:549,36,1,0
BRDA:566,37,0,0
BRDA:566,37,1,0
BRDA:596,38,0,2
BRDA:596,38,1,2
BRDA:601,39,0,0
BRDA:601,39,1,0
BRDA:601,40,0,0
BRDA:601,40,1,0
BRDA:605,41,0,0
BRDA:605,41,1,0
BRDA:610,42,0,0
BRDA:610,42,1,0
BRDA:611,43,0,0
BRDA:611,43,1,0
BRDA:611,44,0,0
BRDA:611,44,1,0
BRDA:615,45,0,0
BRDA:615,45,1,0
BRDA:620,46,0,0
BRDA:620,46,1,0
BRDA:620,46,2,0
BRDA:630,47,0,0
BRDA:630,47,1,0
BRDA:630,47,2,0
BRDA:633,48,0,0
BRDA:633,48,1,0
BRDA:653,49,0,0
BRDA:653,49,1,0
BRDA:653,50,0,0
BRDA:653,50,1,0
BRDA:671,51,0,2
BRDA:671,51,1,2
BRDA:673,52,0,0
BRDA:673,52,1,0
BRDA:683,53,0,0
BRDA:683,53,1,0
BRDA:701,54,0,2
BRDA:701,54,1,2
BRDA:704,55,0,0
BRDA:704,55,1,0
BRDA:732,56,0,2
BRDA:732,56,1,2
BRDA:734,57,0,0
BRDA:734,57,1,0
BRDA:753,58,0,2
BRDA:753,58,1,2
BRDA:758,59,0,0
BRDA:758,59,1,0
BRDA:758,59,2,0
BRDA:770,60,0,2
BRDA:770,60,1,2
BRDA:791,61,0,0
BRDA:791,61,1,0
BRDA:832,62,0,0
BRDA:832,62,1,2
BRDA:853,63,0,0
BRDA:853,63,1,0
BRF:134
BRH:23
end_of_record
TN:
SF:src/components/table/UsersTableComponent.tsx
FN:28,UsersTable
FN:29,(anonymous_1)
FN:30,(anonymous_2)
FN:31,(anonymous_3)
FN:32,(anonymous_4)
FN:33,(anonymous_5)
FN:34,(anonymous_6)
FN:43,(anonymous_7)
FN:46,(anonymous_8)
FN:60,(anonymous_9)
FN:77,(anonymous_10)
FN:112,(anonymous_11)
FN:115,(anonymous_12)
FN:150,(anonymous_13)
FN:152,(anonymous_14)
FN:167,(anonymous_15)
FN:186,(anonymous_16)
FN:197,(anonymous_17)
FN:205,(anonymous_18)
FNF:19
FNH:0
FNDA:0,UsersTable
FNDA:0,(anonymous_1)
FNDA:0,(anonymous_2)
FNDA:0,(anonymous_3)
FNDA:0,(anonymous_4)
FNDA:0,(anonymous_5)
FNDA:0,(anonymous_6)
FNDA:0,(anonymous_7)
FNDA:0,(anonymous_8)
FNDA:0,(anonymous_9)
FNDA:0,(anonymous_10)
FNDA:0,(anonymous_11)
FNDA:0,(anonymous_12)
FNDA:0,(anonymous_13)
FNDA:0,(anonymous_14)
FNDA:0,(anonymous_15)
FNDA:0,(anonymous_16)
FNDA:0,(anonymous_17)
FNDA:0,(anonymous_18)
DA:26,0
DA:29,0
DA:30,0
DA:31,0
DA:32,0
DA:33,0
DA:34,0
DA:36,0
DA:43,0
DA:47,0
DA:61,0
DA:78,0
DA:113,0
DA:116,0
DA:120,0
DA:121,0
DA:151,0
DA:153,0
DA:167,0
DA:168,0
DA:170,0
DA:171,0
DA:177,0
DA:183,0
DA:186,0
DA:191,0
DA:197,0
DA:202,0
DA:205,0
LF:29
LH:0
BRDA:63,0,0,0
BRDA:63,0,1,0
BRDA:63,1,0,0
BRDA:63,1,1,0
BRDA:79,2,0,0
BRDA:79,2,1,0
BRDA:84,3,0,0
BRDA:84,3,1,0
BRDA:87,4,0,0
BRDA:87,4,1,0
BRDA:96,5,0,0
BRDA:96,5,1,0
BRDA:96,6,0,0
BRDA:96,6,1,0
BRDA:114,7,0,0
BRDA:114,7,1,0
BRDA:120,8,0,0
BRDA:120,8,1,0
BRDA:120,9,0,0
BRDA:120,9,1,0
BRDA:128,10,0,0
BRDA:128,10,1,0
BRDA:139,11,0,0
BRDA:139,11,1,0
BRDA:158,12,0,0
BRDA:158,12,1,0
BRDA:170,13,0,0
BRDA:170,13,1,0
BRDA:194,14,0,0
BRDA:194,14,1,0
BRDA:195,15,0,0
BRDA:195,15,1,0
BRF:32
BRH:0
end_of_record
TN:
SF:src/components/table/WorkgroupsTableComponent.tsx
FN:39,WorksgroupTable
FN:40,(anonymous_1)
FN:41,(anonymous_2)
FN:42,(anonymous_3)
FN:43,(anonymous_4)
FN:44,(anonymous_5)
FN:45,(anonymous_6)
FN:46,(anonymous_7)
FN:47,(anonymous_8)
FN:48,(anonymous_9)
FN:51,(anonymous_10)
FN:52,(anonymous_11)
FN:55,(anonymous_12)
FN:55,(anonymous_13)
FN:56,(anonymous_14)
FN:59,(anonymous_15)
FN:61,(anonymous_16)
FN:71,(anonymous_17)
FN:96,(anonymous_18)
FN:113,(anonymous_19)
FN:116,(anonymous_20)
FN:132,(anonymous_21)
FN:138,(anonymous_22)
FN:156,(anonymous_23)
FN:174,(anonymous_24)
FN:180,(anonymous_25)
FN:199,(anonymous_26)
FN:222,(anonymous_27)
FN:228,(anonymous_28)
FNF:29
FNH:0
FNDA:0,WorksgroupTable
FNDA:0,(anonymous_1)
FNDA:0,(anonymous_2)
FNDA:0,(anonymous_3)
FNDA:0,(anonymous_4)
FNDA:0,(anonymous_5)
FNDA:0,(anonymous_6)
FNDA:0,(anonymous_7)
FNDA:0,(anonymous_8)
FNDA:0,(anonymous_9)
FNDA:0,(anonymous_10)
FNDA:0,(anonymous_11)
FNDA:0,(anonymous_12)
FNDA:0,(anonymous_13)
FNDA:0,(anonymous_14)
FNDA:0,(anonymous_15)
FNDA:0,(anonymous_16)
FNDA:0,(anonymous_17)
FNDA:0,(anonymous_18)
FNDA:0,(anonymous_19)
FNDA:0,(anonymous_20)
FNDA:0,(anonymous_21)
FNDA:0,(anonymous_22)
FNDA:0,(anonymous_23)
FNDA:0,(anonymous_24)
FNDA:0,(anonymous_25)
FNDA:0,(anonymous_26)
FNDA:0,(anonymous_27)
FNDA:0,(anonymous_28)
DA:37,0
DA:40,0
DA:41,0
DA:42,0
DA:43,0
DA:44,0
DA:45,0
DA:46,0
DA:47,0
DA:48,0
DA:50,0
DA:51,0
DA:52,0
DA:54,0
DA:55,0
DA:56,0
DA:59,0
DA:60,0
DA:61,0
DA:71,0
DA:75,0
DA:76,0
DA:80,0
DA:81,0
DA:87,0
DA:93,0
DA:96,0
DA:97,0
DA:106,0
DA:113,0
DA:117,0
DA:132,0
DA:138,0
DA:157,0
DA:158,0
DA:169,0
DA:175,0
DA:180,0
DA:199,0
DA:200,0
DA:206,0
DA:207,0
DA:213,0
DA:219,0
DA:222,0
DA:223,0
DA:228,0
DA:235,0
LF:48
LH:0
BRDA:52,0,0,0
BRDA:52,0,1,0
BRDA:80,1,0,0
BRDA:80,1,1,0
BRDA:157,2,0,0
BRDA:157,2,1,0
BRDA:206,3,0,0
BRDA:206,3,1,0
BRF:8
BRH:0
end_of_record
TN:
SF:src/components/tags-input/TagsInput.tsx
FN:20,(anonymous_0)
FN:27,(anonymous_1)
FN:28,(anonymous_2)
FN:30,(anonymous_3)
FN:31,(anonymous_4)
FN:35,(anonymous_5)
FN:40,(anonymous_6)
FN:74,(anonymous_7)
FN:76,(anonymous_8)
FN:78,(anonymous_9)
FN:89,(anonymous_10)
FN:93,(anonymous_11)
FN:120,(anonymous_12)
FN:130,(anonymous_13)
FN:137,(anonymous_14)
FN:150,(anonymous_15)
FN:151,(anonymous_16)
FN:163,(anonymous_17)
FN:177,(anonymous_18)
FNF:19
FNH:5
FNDA:4,(anonymous_0)
FNDA:6,(anonymous_1)
FNDA:6,(anonymous_2)
FNDA:0,(anonymous_3)
FNDA:0,(anonymous_4)
FNDA:0,(anonymous_5)
FNDA:0,(anonymous_6)
FNDA:0,(anonymous_7)
FNDA:0,(anonymous_8)
FNDA:0,(anonymous_9)
FNDA:0,(anonymous_10)
FNDA:0,(anonymous_11)
FNDA:2,(anonymous_12)
FNDA:0,(anonymous_13)
FNDA:0,(anonymous_14)
FNDA:0,(anonymous_15)
FNDA:4,(anonymous_16)
FNDA:0,(anonymous_17)
FNDA:0,(anonymous_18)
DA:20,2
DA:27,6
DA:28,6
DA:30,4
DA:31,0
DA:32,0
DA:35,0
DA:36,0
DA:40,4
DA:41,0
DA:42,0
DA:43,0
DA:44,0
DA:45,0
DA:46,0
DA:52,0
DA:56,0
DA:62,0
DA:65,0
DA:66,0
DA:74,4
DA:75,0
DA:76,0
DA:77,0
DA:78,0
DA:80,0
DA:81,0
DA:89,4
DA:90,0
DA:93,0
DA:94,0
DA:100,0
DA:101,0
DA:109,4
DA:121,2
DA:131,0
DA:137,0
DA:150,0
DA:152,4
DA:164,0
DA:177,0
LF:41
LH:10
BRDA:31,0,0,0
BRDA:31,0,1,0
BRDA:35,1,0,0
BRDA:35,1,1,0
BRDA:42,2,0,0
BRDA:42,2,1,0
BRDA:45,3,0,0
BRDA:45,3,1,0
BRDA:150,4,0,0
BRDA:150,4,1,0
BRF:10
BRH:0
end_of_record
TN:
SF:src/components/task-creator-row/TaskCreatorRowComponent.tsx
FN:30,(anonymous_0)
FN:31,(anonymous_1)
FN:32,(anonymous_2)
FN:33,(anonymous_3)
FN:34,(anonymous_4)
FN:58,(anonymous_5)
FN:69,(anonymous_6)
FN:88,(anonymous_7)
FN:88,(anonymous_8)
FN:89,(anonymous_9)
FN:122,(anonymous_10)
FN:123,(anonymous_11)
FN:126,(anonymous_12)
FN:131,(anonymous_13)
FN:132,(anonymous_14)
FN:141,(anonymous_15)
FN:152,(anonymous_16)
FN:164,(anonymous_17)
FN:174,(anonymous_18)
FN:185,(anonymous_19)
FN:186,(anonymous_20)
FN:198,(anonymous_21)
FN:213,(anonymous_22)
FN:221,(anonymous_23)
FN:221,(anonymous_24)
FN:230,(anonymous_25)
FN:246,(anonymous_26)
FN:252,(anonymous_27)
FN:265,(anonymous_28)
FN:271,(anonymous_29)
FN:282,(anonymous_30)
FN:291,(anonymous_31)
FN:292,(anonymous_32)
FN:299,(anonymous_33)
FN:303,(anonymous_34)
FNF:35
FNH:3
FNDA:3,(anonymous_0)
FNDA:6,(anonymous_1)
FNDA:0,(anonymous_2)
FNDA:0,(anonymous_3)
FNDA:6,(anonymous_4)
FNDA:0,(anonymous_5)
FNDA:0,(anonymous_6)
FNDA:0,(anonymous_7)
FNDA:0,(anonymous_8)
FNDA:0,(anonymous_9)
FNDA:0,(anonymous_10)
FNDA:0,(anonymous_11)
FNDA:0,(anonymous_12)
FNDA:0,(anonymous_13)
FNDA:0,(anonymous_14)
FNDA:0,(anonymous_15)
FNDA:0,(anonymous_16)
FNDA:0,(anonymous_17)
FNDA:0,(anonymous_18)
FNDA:0,(anonymous_19)
FNDA:0,(anonymous_20)
FNDA:0,(anonymous_21)
FNDA:0,(anonymous_22)
FNDA:0,(anonymous_23)
FNDA:0,(anonymous_24)
FNDA:0,(anonymous_25)
FNDA:0,(anonymous_26)
FNDA:0,(anonymous_27)
FNDA:0,(anonymous_28)
FNDA:0,(anonymous_29)
FNDA:0,(anonymous_30)
FNDA:0,(anonymous_31)
FNDA:0,(anonymous_32)
FNDA:0,(anonymous_33)
FNDA:0,(anonymous_34)
DA:30,2
DA:31,6
DA:32,3
DA:33,3
DA:34,6
DA:36,3
DA:38,3
DA:40,3
DA:41,3
DA:43,3
DA:44,3
DA:46,3
DA:47,3
DA:49,3
DA:50,3
DA:52,3
DA:53,3
DA:55,3
DA:56,3
DA:58,3
DA:59,0
DA:60,0
DA:61,0
DA:62,0
DA:63,0
DA:64,0
DA:65,0
DA:66,0
DA:69,3
DA:70,0
DA:71,0
DA:72,0
DA:77,0
DA:79,0
DA:88,0
DA:89,0
DA:92,0
DA:93,0
DA:94,0
DA:99,0
DA:100,0
DA:102,0
DA:106,0
DA:113,0
DA:114,0
DA:122,3
DA:123,0
DA:124,0
DA:126,0
DA:127,0
DA:131,3
DA:132,0
DA:135,3
DA:141,0
DA:152,0
DA:165,0
DA:174,0
DA:185,0
DA:187,0
DA:199,0
DA:213,0
DA:221,0
DA:222,0
DA:230,0
DA:246,0
DA:252,0
DA:265,0
DA:271,0
DA:282,0
DA:291,0
DA:292,0
DA:299,0
DA:303,0
LF:73
LH:24
BRDA:71,0,0,0
BRDA:71,0,1,0
BRDA:83,1,0,0
BRDA:83,1,1,0
BRDA:84,2,0,0
BRDA:84,2,1,0
BRDA:85,3,0,0
BRDA:85,3,1,0
BRDA:87,4,0,0
BRDA:87,4,1,0
BRDA:93,5,0,0
BRDA:93,5,1,0
BRDA:123,6,0,0
BRDA:123,6,1,0
BRDA:126,7,0,0
BRDA:126,7,1,0
BRDA:137,8,0,3
BRDA:137,8,1,0
BRDA:185,9,0,0
BRDA:185,9,1,0
BRDA:221,10,0,0
BRDA:221,10,1,0
BRF:22
BRH:1
end_of_record
TN:
SF:src/components/tasks-form/TasksFormComponent.tsx
FN:43,(anonymous_0)
FN:46,(anonymous_1)
FN:47,(anonymous_2)
FN:51,(anonymous_3)
FN:54,(anonymous_4)
FN:55,(anonymous_5)
FN:56,(anonymous_6)
FN:57,(anonymous_7)
FN:58,(anonymous_8)
FN:59,(anonymous_9)
FN:60,(anonymous_10)
FN:69,(anonymous_11)
FN:70,(anonymous_12)
FN:73,(anonymous_13)
FN:78,(anonymous_14)
FN:79,(anonymous_15)
FN:82,(anonymous_16)
FN:102,(anonymous_17)
FN:102,(anonymous_18)
FN:102,(anonymous_19)
FN:157,(anonymous_20)
FN:167,(anonymous_21)
FN:178,(anonymous_22)
FN:179,(anonymous_23)
FN:193,(anonymous_24)
FN:207,(anonymous_25)
FN:208,(anonymous_26)
FN:221,(anonymous_27)
FN:233,(anonymous_28)
FN:252,(anonymous_29)
FN:253,(anonymous_30)
FNF:31
FNH:0
FNDA:0,(anonymous_0)
FNDA:0,(anonymous_1)
FNDA:0,(anonymous_2)
FNDA:0,(anonymous_3)
FNDA:0,(anonymous_4)
FNDA:0,(anonymous_5)
FNDA:0,(anonymous_6)
FNDA:0,(anonymous_7)
FNDA:0,(anonymous_8)
FNDA:0,(anonymous_9)
FNDA:0,(anonymous_10)
FNDA:0,(anonymous_11)
FNDA:0,(anonymous_12)
FNDA:0,(anonymous_13)
FNDA:0,(anonymous_14)
FNDA:0,(anonymous_15)
FNDA:0,(anonymous_16)
FNDA:0,(anonymous_17)
FNDA:0,(anonymous_18)
FNDA:0,(anonymous_19)
FNDA:0,(anonymous_20)
FNDA:0,(anonymous_21)
FNDA:0,(anonymous_22)
FNDA:0,(anonymous_23)
FNDA:0,(anonymous_24)
FNDA:0,(anonymous_25)
FNDA:0,(anonymous_26)
FNDA:0,(anonymous_27)
FNDA:0,(anonymous_28)
FNDA:0,(anonymous_29)
FNDA:0,(anonymous_30)
DA:43,0
DA:46,0
DA:47,0
DA:48,0
DA:49,0
DA:50,0
DA:51,0
DA:53,0
DA:54,0
DA:55,0
DA:56,0
DA:57,0
DA:58,0
DA:59,0
DA:60,0
DA:67,0
DA:69,0
DA:70,0
DA:71,0
DA:73,0
DA:74,0
DA:78,0
DA:79,0
DA:82,0
DA:83,0
DA:84,0
DA:85,0
DA:92,0
DA:95,0
DA:96,0
DA:98,0
DA:99,0
DA:100,0
DA:101,0
DA:102,0
DA:104,0
DA:106,0
DA:107,0
DA:114,0
DA:121,0
DA:122,0
DA:123,0
DA:125,0
DA:126,0
DA:133,0
DA:137,0
DA:158,0
DA:167,0
DA:178,0
DA:180,0
DA:194,0
DA:207,0
DA:208,0
DA:222,0
DA:233,0
DA:252,0
DA:254,0
LF:57
LH:0
BRDA:70,0,0,0
BRDA:70,0,1,0
BRDA:73,1,0,0
BRDA:73,1,1,0
BRDA:84,2,0,0
BRDA:84,2,1,0
BRDA:99,3,0,0
BRDA:99,3,1,0
BRDA:106,4,0,0
BRDA:106,4,1,0
BRDA:178,5,0,0
BRDA:178,5,1,0
BRDA:207,6,0,0
BRDA:207,6,1,0
BRF:14
BRH:0
end_of_record
TN:
SF:src/components/user-form/UserFormComponent.tsx
FN:25,(anonymous_0)
FN:26,(anonymous_1)
FN:27,(anonymous_2)
FN:28,(anonymous_3)
FN:29,(anonymous_4)
FN:30,(anonymous_5)
FN:31,(anonymous_6)
FN:47,(anonymous_7)
FN:63,(anonymous_8)
FN:76,(anonymous_9)
FN:79,(anonymous_10)
FN:84,(anonymous_11)
FN:99,(anonymous_12)
FN:103,(anonymous_13)
FN:109,(anonymous_14)
FN:259,(anonymous_15)
FNF:16
FNH:0
FNDA:0,(anonymous_0)
FNDA:0,(anonymous_1)
FNDA:0,(anonymous_2)
FNDA:0,(anonymous_3)
FNDA:0,(anonymous_4)
FNDA:0,(anonymous_5)
FNDA:0,(anonymous_6)
FNDA:0,(anonymous_7)
FNDA:0,(anonymous_8)
FNDA:0,(anonymous_9)
FNDA:0,(anonymous_10)
FNDA:0,(anonymous_11)
FNDA:0,(anonymous_12)
FNDA:0,(anonymous_13)
FNDA:0,(anonymous_14)
FNDA:0,(anonymous_15)
DA:25,0
DA:26,0
DA:27,0
DA:28,0
DA:29,0
DA:30,0
DA:31,0
DA:32,0
DA:33,0
DA:45,0
DA:47,0
DA:48,0
DA:49,0
DA:56,0
DA:63,0
DA:64,0
DA:65,0
DA:66,0
DA:67,0
DA:68,0
DA:74,0
DA:77,0
DA:79,0
DA:84,0
DA:85,0
DA:86,0
DA:87,0
DA:92,0
DA:95,0
DA:96,0
DA:98,0
DA:99,0
DA:100,0
DA:102,0
DA:103,0
DA:106,0
DA:109,0
DA:114,0
DA:118,0
DA:119,0
DA:123,0
DA:125,0
DA:126,0
DA:135,0
DA:143,0
DA:147,0
DA:156,0
DA:160,0
DA:259,0
LF:49
LH:0
BRDA:48,0,0,0
BRDA:48,0,1,0
BRDA:64,1,0,0
BRDA:64,1,1,0
BRDA:65,2,0,0
BRDA:65,2,1,0
BRDA:66,3,0,0
BRDA:66,3,1,0
BRDA:86,4,0,0
BRDA:86,4,1,0
BRDA:86,5,0,0
BRDA:86,5,1,0
BRDA:98,6,0,0
BRDA:98,6,1,0
BRDA:118,7,0,0
BRDA:118,7,1,0
BRDA:125,8,0,0
BRDA:125,8,1,0
BRDA:130,9,0,0
BRDA:130,9,1,0
BRDA:144,10,0,0
BRDA:144,10,1,0
BRDA:151,11,0,0
BRDA:151,11,1,0
BRDA:185,12,0,0
BRDA:185,12,1,0
BRDA:198,13,0,0
BRDA:198,13,1,0
BRDA:198,13,2,0
BRDA:256,14,0,0
BRDA:256,14,1,0
BRDA:259,15,0,0
BRDA:259,15,1,0
BRDA:271,16,0,0
BRDA:271,16,1,0
BRF:35
BRH:0
end_of_record
TN:
SF:src/components/workgroups-form/WorkgroupsFormComponent.tsx
FN:26,(anonymous_0)
FN:38,(anonymous_1)
FN:39,(anonymous_2)
FN:40,(anonymous_3)
FN:41,(anonymous_4)
FN:42,(anonymous_5)
FN:43,(anonymous_6)
FN:52,(anonymous_7)
FN:60,(anonymous_8)
FN:69,(anonymous_9)
FN:69,(anonymous_10)
FN:74,(anonymous_11)
FN:84,(anonymous_12)
FN:84,(anonymous_13)
FN:91,(anonymous_14)
FN:97,(anonymous_15)
FN:132,(anonymous_16)
FN:136,(anonymous_17)
FN:140,(anonymous_18)
FN:145,(anonymous_19)
FN:146,(anonymous_20)
FN:149,(anonymous_21)
FN:151,(anonymous_22)
FN:155,(anonymous_23)
FN:166,(anonymous_24)
FN:207,(anonymous_25)
FN:216,(anonymous_26)
FN:224,(anonymous_27)
FN:234,(anonymous_28)
FN:238,(anonymous_29)
FNF:30
FNH:0
FNDA:0,(anonymous_0)
FNDA:0,(anonymous_1)
FNDA:0,(anonymous_2)
FNDA:0,(anonymous_3)
FNDA:0,(anonymous_4)
FNDA:0,(anonymous_5)
FNDA:0,(anonymous_6)
FNDA:0,(anonymous_7)
FNDA:0,(anonymous_8)
FNDA:0,(anonymous_9)
FNDA:0,(anonymous_10)
FNDA:0,(anonymous_11)
FNDA:0,(anonymous_12)
FNDA:0,(anonymous_13)
FNDA:0,(anonymous_14)
FNDA:0,(anonymous_15)
FNDA:0,(anonymous_16)
FNDA:0,(anonymous_17)
FNDA:0,(anonymous_18)
FNDA:0,(anonymous_19)
FNDA:0,(anonymous_20)
FNDA:0,(anonymous_21)
FNDA:0,(anonymous_22)
FNDA:0,(anonymous_23)
FNDA:0,(anonymous_24)
FNDA:0,(anonymous_25)
FNDA:0,(anonymous_26)
FNDA:0,(anonymous_27)
FNDA:0,(anonymous_28)
FNDA:0,(anonymous_29)
DA:26,0
DA:29,0
DA:30,0
DA:31,0
DA:32,0
DA:35,0
DA:38,0
DA:39,0
DA:40,0
DA:41,0
DA:42,0
DA:43,0
DA:50,0
DA:52,0
DA:53,0
DA:54,0
DA:55,0
DA:56,0
DA:57,0
DA:59,0
DA:60,0
DA:67,0
DA:69,0
DA:73,0
DA:74,0
DA:80,0
DA:83,0
DA:84,0
DA:91,0
DA:92,0
DA:97,0
DA:99,0
DA:100,0
DA:103,0
DA:104,0
DA:109,0
DA:111,0
DA:113,0
DA:114,0
DA:123,0
DA:132,0
DA:133,0
DA:136,0
DA:138,0
DA:139,0
DA:140,0
DA:145,0
DA:146,0
DA:147,0
DA:149,0
DA:151,0
DA:155,0
DA:156,0
DA:157,0
DA:160,0
DA:166,0
DA:207,0
DA:217,0
DA:224,0
DA:235,0
DA:236,0
DA:239,0
LF:62
LH:0
BRDA:31,0,0,0
BRDA:31,0,1,0
BRDA:53,1,0,0
BRDA:53,1,1,0
BRDA:55,2,0,0
BRDA:55,2,1,0
BRDA:59,3,0,0
BRDA:59,3,1,0
BRDA:67,4,0,0
BRDA:67,4,1,0
BRDA:84,5,0,0
BRDA:84,5,1,0
BRDA:103,6,0,0
BRDA:103,6,1,0
BRDA:113,7,0,0
BRDA:113,7,1,0
BRDA:118,8,0,0
BRDA:118,8,1,0
BRDA:133,9,0,0
BRDA:133,9,1,0
BRDA:134,10,0,0
BRDA:134,10,1,0
BRDA:134,10,2,0
BRDA:146,11,0,0
BRDA:146,11,1,0
BRDA:210,12,0,0
BRDA:210,12,1,0
BRDA:262,13,0,0
BRDA:262,13,1,0
BRF:29
BRH:0
end_of_record
TN:
SF:src/firebase/firebase.config.ts
FNF:0
FNH:0
DA:6,0
DA:18,0
DA:19,0
DA:20,0
LF:4
LH:0
BRF:0
BRH:0
end_of_record
TN:
SF:src/interfaces/FirebaseSignInOrCreateResponse.ts
FNF:0
FNH:0
LF:0
LH:0
BRF:0
BRH:0
end_of_record
TN:
SF:src/interfaces/Item.ts
FNF:0
FNH:0
LF:0
LH:0
BRF:0
BRH:0
end_of_record
TN:
SF:src/interfaces/Licitation.ts
FNF:0
FNH:0
LF:0
LH:0
BRF:0
BRH:0
end_of_record
TN:
SF:src/interfaces/Login.ts
FNF:0
FNH:0
LF:0
LH:0
BRF:0
BRH:0
end_of_record
TN:
SF:src/interfaces/Project.ts
FNF:0
FNH:0
LF:0
LH:0
BRF:0
BRH:0
end_of_record
TN:
SF:src/interfaces/Shared.ts
FNF:0
FNH:0
LF:0
LH:0
BRF:0
BRH:0
end_of_record
TN:
SF:src/interfaces/Tabs.ts
FNF:0
FNH:0
LF:0
LH:0
BRF:0
BRH:0
end_of_record
TN:
SF:src/interfaces/Tag.ts
FNF:0
FNH:0
LF:0
LH:0
BRF:0
BRH:0
end_of_record
TN:
SF:src/interfaces/Task.ts
FNF:0
FNH:0
LF:0
LH:0
BRF:0
BRH:0
end_of_record
TN:
SF:src/interfaces/User.ts
FNF:0
FNH:0
LF:0
LH:0
BRF:0
BRH:0
end_of_record
TN:
SF:src/interfaces/Workgroup.ts
FNF:0
FNH:0
LF:0
LH:0
BRF:0
BRH:0
end_of_record
TN:
SF:src/pages/administrator/AdministratorPage.tsx
FN:19,CustomTabPanel
FN:35,a11yProps
FN:42,(anonymous_2)
FN:44,(anonymous_3)
FN:45,(anonymous_4)
FN:46,(anonymous_5)
FN:50,(anonymous_6)
FN:71,(anonymous_7)
FN:88,(anonymous_8)
FNF:9
FNH:0
FNDA:0,CustomTabPanel
FNDA:0,a11yProps
FNDA:0,(anonymous_2)
FNDA:0,(anonymous_3)
FNDA:0,(anonymous_4)
FNDA:0,(anonymous_5)
FNDA:0,(anonymous_6)
FNDA:0,(anonymous_7)
FNDA:0,(anonymous_8)
DA:20,0
DA:22,0
DA:36,0
DA:42,0
DA:43,0
DA:44,0
DA:45,0
DA:46,0
DA:48,0
DA:50,0
DA:51,0
DA:54,0
DA:72,0
DA:89,0
LF:14
LH:0
BRDA:30,0,0,0
BRDA:30,0,1,0
BRDA:48,1,0,0
BRDA:48,1,1,0
BRF:4
BRH:0
end_of_record
TN:
SF:src/pages/home/HomePage.tsx
FN:2,(anonymous_0)
FNF:1
FNH:0
FNDA:0,(anonymous_0)
DA:2,0
DA:3,0
LF:2
LH:0
BRF:0
BRH:0
end_of_record
TN:
SF:src/pages/login/LoginPage.tsx
FN:12,(anonymous_0)
FN:14,(anonymous_1)
FN:15,(anonymous_2)
FN:16,(anonymous_3)
FN:24,(anonymous_4)
FN:33,(anonymous_5)
FNF:6
FNH:0
FNDA:0,(anonymous_0)
FNDA:0,(anonymous_1)
FNDA:0,(anonymous_2)
FNDA:0,(anonymous_3)
FNDA:0,(anonymous_4)
FNDA:0,(anonymous_5)
DA:12,0
DA:13,0
DA:14,0
DA:15,0
DA:16,0
DA:17,0
DA:22,0
DA:24,0
DA:25,0
DA:26,0
DA:27,0
DA:28,0
DA:30,0
DA:33,0
DA:34,0
DA:36,0
DA:37,0
DA:38,0
DA:39,0
DA:40,0
DA:42,0
DA:46,0
LF:22
LH:0
BRDA:25,0,0,0
BRDA:25,0,1,0
BRDA:27,1,0,0
BRDA:27,1,1,0
BRDA:36,2,0,0
BRDA:36,2,1,0
BRDA:38,3,0,0
BRDA:38,3,1,0
BRDA:57,4,0,0
BRDA:57,4,1,0
BRDA:64,5,0,0
BRDA:64,5,1,0
BRDA:70,6,0,0
BRDA:70,6,1,0
BRF:14
BRH:0
end_of_record
TN:
SF:src/pages/purchasing-manager/PurchasingManagerPage.tsx
FN:6,(anonymous_0)
FN:7,(anonymous_1)
FNF:2
FNH:0
FNDA:0,(anonymous_0)
FNDA:0,(anonymous_1)
DA:6,0
DA:7,0
DA:9,0
DA:13,0
DA:15,0
LF:5
LH:0
BRDA:9,0,0,0
BRDA:9,0,1,0
BRDA:10,1,0,0
BRDA:10,1,1,0
BRDA:17,2,0,0
BRDA:17,2,1,0
BRDA:18,3,0,0
BRDA:18,3,1,0
BRF:8
BRH:0
end_of_record
TN:
SF:src/pages/tasks-by-group/TasksbyGroupPage.tsx
FN:4,(anonymous_0)
FNF:1
FNH:0
FNDA:0,(anonymous_0)
DA:4,0
DA:5,0
DA:6,0
DA:7,0
DA:8,0
DA:16,0
LF:6
LH:0
BRDA:7,0,0,0
BRDA:7,0,1,0
BRDA:7,1,0,0
BRDA:7,1,1,0
BRF:4
BRH:0
end_of_record
TN:
SF:src/pages/tasks-groups/TasksGroupsPage.tsx
FN:14,(anonymous_0)
FN:18,(anonymous_1)
FN:19,(anonymous_2)
FN:20,(anonymous_3)
FN:21,(anonymous_4)
FN:28,(anonymous_5)
FN:32,(anonymous_6)
FN:36,(anonymous_7)
FN:54,a11yProps
FN:83,(anonymous_9)
FNF:10
FNH:0
FNDA:0,(anonymous_0)
FNDA:0,(anonymous_1)
FNDA:0,(anonymous_2)
FNDA:0,(anonymous_3)
FNDA:0,(anonymous_4)
FNDA:0,(anonymous_5)
FNDA:0,(anonymous_6)
FNDA:0,(anonymous_7)
FNDA:0,a11yProps
FNDA:0,(anonymous_9)
DA:14,0
DA:15,0
DA:17,0
DA:18,0
DA:19,0
DA:20,0
DA:21,0
DA:24,0
DA:25,0
DA:28,0
DA:29,0
DA:32,0
DA:33,0
DA:36,0
DA:37,0
DA:39,0
DA:41,0
DA:55,0
DA:61,0
DA:84,0
LF:20
LH:0
BRDA:17,0,0,0
BRDA:17,0,1,0
BRDA:24,1,0,0
BRDA:24,1,1,0
BRDA:29,2,0,0
BRDA:29,2,1,0
BRDA:39,3,0,0
BRDA:39,3,1,0
BRDA:49,4,0,0
BRDA:49,4,1,0
BRF:10
BRH:0
end_of_record
TN:
SF:src/pages/unauthorized/UnauthorizedPage.tsx
FN:2,(anonymous_0)
FNF:1
FNH:0
FNDA:0,(anonymous_0)
DA:2,0
DA:3,0
LF:2
LH:0
BRF:0
BRH:0
end_of_record
TN:
SF:src/router/AppRouter.tsx
FN:16,(anonymous_0)
FN:17,(anonymous_1)
FN:46,(anonymous_2)
FNF:3
FNH:0
FNDA:0,(anonymous_0)
FNDA:0,(anonymous_1)
FNDA:0,(anonymous_2)
DA:16,0
DA:17,0
DA:19,0
DA:46,0
LF:4
LH:0
BRF:0
BRH:0
end_of_record
TN:
SF:src/router/ProtectedRoute.tsx
FN:4,(anonymous_0)
FN:5,(anonymous_1)
FNF:2
FNH:0
FNDA:0,(anonymous_0)
FNDA:0,(anonymous_1)
DA:4,0
DA:5,0
DA:6,0
DA:8,0
LF:4
LH:0
BRDA:6,0,0,0
BRDA:6,0,1,0
BRF:2
BRH:0
end_of_record
TN:
SF:src/services/auth.service.ts
FN:14,(anonymous_0)
FN:68,(anonymous_1)
FN:75,(anonymous_2)
FN:107,(anonymous_3)
FN:122,(anonymous_4)
FNF:5
FNH:5
FNDA:3,(anonymous_0)
FNDA:4,(anonymous_1)
FNDA:3,(anonymous_2)
FNDA:2,(anonymous_3)
FNDA:2,(anonymous_4)
DA:15,3
DA:16,3
DA:21,2
DA:22,2
DA:29,2
DA:30,2
DA:33,2
DA:34,2
DA:36,2
DA:37,2
DA:38,2
DA:40,0
DA:41,0
DA:44,2
DA:49,0
DA:56,1
DA:57,1
DA:60,1
DA:61,1
DA:72,4
DA:73,4
DA:74,3
DA:75,3
DA:77,3
DA:78,1
DA:79,1
DA:80,1
DA:84,2
DA:85,1
DA:86,1
DA:87,1
DA:93,1
DA:99,1
DA:100,1
DA:108,2
DA:109,2
DA:110,1
DA:114,1
DA:115,1
DA:123,2
DA:124,2
DA:125,1
DA:129,1
DA:133,1
LF:44
LH:41
BRDA:19,0,0,1
BRDA:19,0,1,2
BRDA:21,1,0,2
BRDA:21,1,1,0
BRDA:21,2,0,2
BRDA:21,2,1,2
BRDA:56,3,0,1
BRDA:56,3,1,0
BRDA:56,4,0,1
BRDA:56,4,1,1
BRDA:63,5,0,1
BRDA:63,5,1,0
BRDA:77,6,0,1
BRDA:77,6,1,2
BRDA:84,7,0,1
BRDA:84,7,1,1
BRDA:84,8,0,2
BRDA:84,8,1,2
BRF:18
BRH:15
end_of_record
TN:
SF:src/services/cities.service.ts
FN:10,(anonymous_0)
FN:16,(anonymous_1)
FNF:2
FNH:0
FNDA:0,(anonymous_0)
FNDA:0,(anonymous_1)
DA:11,0
DA:12,0
DA:13,0
DA:15,0
DA:16,0
DA:22,0
DA:24,0
DA:25,0
LF:8
LH:0
BRDA:15,0,0,0
BRDA:15,0,1,0
BRF:2
BRH:0
end_of_record
TN:
SF:src/services/project.service.ts
FN:8,(anonymous_0)
FN:34,(anonymous_1)
FN:53,(anonymous_2)
FNF:3
FNH:0
FNDA:0,(anonymous_0)
FNDA:0,(anonymous_1)
FNDA:0,(anonymous_2)
DA:9,0
DA:10,0
DA:11,0
DA:12,0
DA:13,0
DA:15,0
DA:16,0
DA:17,0
DA:18,0
DA:19,0
DA:24,0
DA:26,0
DA:35,0
DA:36,0
DA:37,0
DA:39,0
DA:44,0
DA:45,0
DA:54,0
DA:55,0
DA:56,0
DA:58,0
DA:63,0
DA:64,0
LF:24
LH:0
BRDA:13,0,0,0
BRDA:13,0,1,0
BRF:2
BRH:0
end_of_record
TN:
SF:src/services/purchase.service.ts
FN:8,(anonymous_0)
FN:32,(anonymous_1)
FN:35,(anonymous_2)
FN:64,(anonymous_3)
FN:84,(anonymous_4)
FN:104,(anonymous_5)
FN:125,(anonymous_6)
FN:146,(anonymous_7)
FNF:8
FNH:0
FNDA:0,(anonymous_0)
FNDA:0,(anonymous_1)
FNDA:0,(anonymous_2)
FNDA:0,(anonymous_3)
FNDA:0,(anonymous_4)
FNDA:0,(anonymous_5)
FNDA:0,(anonymous_6)
FNDA:0,(anonymous_7)
DA:9,0
DA:10,0
DA:11,0
DA:12,0
DA:13,0
DA:14,0
DA:15,0
DA:17,0
DA:22,0
DA:24,0
DA:33,0
DA:34,0
DA:36,0
DA:46,0
DA:47,0
DA:49,0
DA:54,0
DA:56,0
DA:65,0
DA:66,0
DA:67,0
DA:69,0
DA:74,0
DA:76,0
DA:85,0
DA:86,0
DA:87,0
DA:89,0
DA:94,0
DA:96,0
DA:105,0
DA:106,0
DA:107,0
DA:108,0
DA:110,0
DA:115,0
DA:117,0
DA:126,0
DA:127,0
DA:128,0
DA:130,0
DA:135,0
DA:136,0
DA:138,0
DA:147,0
DA:148,0
DA:149,0
DA:151,0
DA:153,0
DA:154,0
DA:156,0
LF:51
LH:0
BRF:0
BRH:0
end_of_record
TN:
SF:src/services/tags.service.ts
FN:6,(anonymous_0)
FN:27,(anonymous_1)
FN:45,(anonymous_2)
FNF:3
FNH:3
FNDA:1,(anonymous_0)
FNDA:1,(anonymous_1)
FNDA:1,(anonymous_2)
DA:7,1
DA:8,1
DA:9,1
DA:10,1
DA:12,1
DA:17,0
DA:19,0
DA:28,1
DA:29,1
DA:30,1
DA:32,1
DA:37,0
DA:38,0
DA:46,1
DA:47,1
DA:48,1
DA:49,1
DA:54,0
DA:55,0
LF:19
LH:13
BRF:0
BRH:0
end_of_record
TN:
SF:src/services/task.service.ts
FN:8,(anonymous_0)
FN:33,(anonymous_1)
FN:52,(anonymous_2)
FN:71,(anonymous_3)
FNF:4
FNH:4
FNDA:1,(anonymous_0)
FNDA:1,(anonymous_1)
FNDA:1,(anonymous_2)
FNDA:1,(anonymous_3)
DA:9,1
DA:10,1
DA:11,1
DA:12,1
DA:13,1
DA:14,1
DA:15,1
DA:16,0
DA:18,0
DA:23,1
DA:25,1
DA:34,1
DA:35,1
DA:36,1
DA:38,1
DA:43,0
DA:44,0
DA:53,1
DA:54,1
DA:55,1
DA:57,1
DA:62,0
DA:63,0
DA:72,1
DA:73,1
DA:74,2
DA:75,2
DA:78,1
DA:83,0
DA:84,0
LF:30
LH:22
BRF:0
BRH:0
end_of_record
TN:
SF:src/services/users.service.ts
FN:7,(anonymous_0)
FN:28,(anonymous_1)
FN:49,(anonymous_2)
FN:56,(anonymous_3)
FNF:4
FNH:4
FNDA:2,(anonymous_0)
FNDA:2,(anonymous_1)
FNDA:2,(anonymous_2)
FNDA:7,(anonymous_3)
DA:8,2
DA:9,2
DA:10,2
DA:11,1
DA:16,1
DA:20,1
DA:29,2
DA:30,2
DA:31,2
DA:32,1
DA:37,1
DA:41,1
DA:53,2
DA:54,2
DA:55,3
DA:56,7
DA:57,3
DA:60,1
DA:64,1
DA:67,1
LF:20
LH:20
BRF:0
BRH:0
end_of_record
TN:
SF:src/services/workgroup.service.ts
FN:12,(anonymous_0)
FN:24,(anonymous_1)
FN:46,(anonymous_2)
FN:53,(anonymous_3)
FN:67,(anonymous_4)
FN:73,(anonymous_5)
FN:97,(anonymous_6)
FN:109,(anonymous_7)
FN:115,(anonymous_8)
FN:141,(anonymous_9)
FN:147,(anonymous_10)
FNF:11
FNH:8
FNDA:2,(anonymous_0)
FNDA:0,(anonymous_1)
FNDA:2,(anonymous_2)
FNDA:1,(anonymous_3)
FNDA:2,(anonymous_4)
FNDA:1,(anonymous_5)
FNDA:2,(anonymous_6)
FNDA:0,(anonymous_7)
FNDA:0,(anonymous_8)
FNDA:2,(anonymous_9)
FNDA:3,(anonymous_10)
DA:16,2
DA:17,2
DA:18,2
DA:19,2
DA:20,2
DA:22,0
DA:23,0
DA:24,0
DA:25,0
DA:27,0
DA:30,0
DA:32,0
DA:37,2
DA:38,2
DA:47,2
DA:48,2
DA:49,2
DA:51,2
DA:52,1
DA:53,1
DA:60,1
DA:62,0
DA:63,0
DA:68,2
DA:69,2
DA:71,2
DA:72,1
DA:73,1
DA:75,1
DA:78,2
DA:80,1
DA:85,1
DA:89,1
DA:102,2
DA:103,2
DA:104,2
DA:105,2
DA:108,1
DA:109,0
DA:111,1
DA:112,1
DA:115,0
DA:116,0
DA:118,0
DA:122,0
DA:124,0
DA:129,2
DA:133,2
DA:145,2
DA:146,2
DA:147,3
DA:149,2
DA:150,2
DA:152,1
DA:157,1
DA:161,1
LF:56
LH:41
BRDA:51,0,0,1
BRDA:51,0,1,1
BRDA:75,1,0,1
BRDA:75,1,1,0
BRDA:112,2,0,0
BRDA:112,2,1,0
BRDA:122,3,0,0
BRDA:122,3,1,0
BRF:8
BRH:3
end_of_record
TN:
SF:src/stores/index.ts
FNF:0
FNH:0
LF:0
LH:0
BRF:0
BRH:0
end_of_record
TN:
SF:src/stores/auth/auth.store.ts
FN:17,(anonymous_0)
FN:20,(anonymous_1)
FN:23,(anonymous_2)
FN:30,(anonymous_3)
FN:35,(anonymous_4)
FN:35,(anonymous_5)
FN:36,(anonymous_6)
FN:37,(anonymous_7)
FN:39,(anonymous_8)
FN:39,(anonymous_9)
FN:40,(anonymous_10)
FN:40,(anonymous_11)
FN:43,(anonymous_12)
FN:44,(anonymous_13)
FN:44,(anonymous_14)
FNF:15
FNH:14
FNDA:1,(anonymous_0)
FNDA:6,(anonymous_1)
FNDA:0,(anonymous_2)
FNDA:1,(anonymous_3)
FNDA:1,(anonymous_4)
FNDA:1,(anonymous_5)
FNDA:1,(anonymous_6)
FNDA:1,(anonymous_7)
FNDA:2,(anonymous_8)
FNDA:2,(anonymous_9)
FNDA:2,(anonymous_10)
FNDA:2,(anonymous_11)
FNDA:1,(anonymous_12)
FNDA:1,(anonymous_13)
FNDA:1,(anonymous_14)
DA:16,1
DA:18,1
DA:21,6
DA:24,0
DA:28,1
DA:30,1
DA:35,1
DA:37,1
DA:39,2
DA:40,2
DA:43,1
DA:44,1
DA:45,1
LF:13
LH:12
BRF:0
BRH:0
end_of_record
TN:
SF:src/stores/cities/cities.store.ts
FN:12,(anonymous_0)
FN:14,(anonymous_1)
FN:22,(anonymous_2)
FN:22,(anonymous_3)
FNF:4
FNH:4
FNDA:1,(anonymous_0)
FNDA:1,(anonymous_1)
FNDA:1,(anonymous_2)
FNDA:1,(anonymous_3)
DA:11,1
DA:12,1
DA:15,1
DA:16,1
DA:17,1
DA:19,0
DA:22,1
DA:26,1
LF:8
LH:7
BRF:0
BRH:0
end_of_record
TN:
SF:src/stores/projects/projects.store.ts
FN:17,(anonymous_0)
FN:20,(anonymous_1)
FN:23,(anonymous_2)
FN:36,(anonymous_3)
FN:36,(anonymous_4)
FN:37,(anonymous_5)
FN:37,(anonymous_6)
FN:40,(anonymous_7)
FN:40,(anonymous_8)
FNF:9
FNH:9
FNDA:1,(anonymous_0)
FNDA:1,(anonymous_1)
FNDA:1,(anonymous_2)
FNDA:1,(anonymous_3)
FNDA:1,(anonymous_4)
FNDA:2,(anonymous_5)
FNDA:2,(anonymous_6)
FNDA:1,(anonymous_7)
FNDA:1,(anonymous_8)
DA:15,1
DA:17,1
DA:21,1
DA:22,1
DA:23,1
DA:24,1
DA:26,1
DA:27,1
DA:29,0
DA:33,0
DA:36,1
DA:37,2
DA:40,1
DA:41,1
DA:42,1
LF:15
LH:13
BRDA:26,0,0,1
BRDA:26,0,1,0
BRF:2
BRH:1
end_of_record
TN:
SF:src/stores/stock/stock.store.ts
FN:14,(anonymous_0)
FN:16,(anonymous_1)
FN:19,(anonymous_2)
FN:24,(anonymous_3)
FN:33,(anonymous_4)
FN:33,(anonymous_5)
FNF:6
FNH:6
FNDA:1,(anonymous_0)
FNDA:1,(anonymous_1)
FNDA:1,(anonymous_2)
FNDA:1,(anonymous_3)
FNDA:1,(anonymous_4)
FNDA:1,(anonymous_5)
DA:13,1
DA:14,1
DA:17,1
DA:18,1
DA:19,1
DA:20,1
DA:22,1
DA:23,1
DA:24,1
DA:26,1
DA:27,0
DA:30,0
DA:33,1
DA:37,1
LF:14
LH:12
BRDA:20,0,0,1
BRDA:20,0,1,0
BRDA:22,1,0,1
BRDA:22,1,1,0
BRF:4
BRH:2
end_of_record
TN:
SF:src/stores/tags/tags.store.ts
FN:13,(anonymous_0)
FN:15,(anonymous_1)
FN:18,(anonymous_2)
FN:33,(anonymous_3)
FN:33,(anonymous_4)
FNF:5
FNH:5
FNDA:2,(anonymous_0)
FNDA:2,(anonymous_1)
FNDA:1,(anonymous_2)
FNDA:1,(anonymous_3)
FNDA:1,(anonymous_4)
DA:12,2
DA:13,2
DA:16,2
DA:17,2
DA:18,2
DA:19,1
DA:21,1
DA:23,1
DA:24,1
DA:26,0
DA:30,0
DA:33,1
DA:37,2
LF:13
LH:11
BRDA:21,0,0,1
BRDA:21,0,1,0
BRF:2
BRH:1
end_of_record
TN:
SF:src/stores/tasks/tasks.store.ts
FN:17,(anonymous_0)
FN:20,(anonymous_1)
FN:23,(anonymous_2)
FN:35,(anonymous_3)
FN:35,(anonymous_4)
FN:36,(anonymous_5)
FN:36,(anonymous_6)
FN:39,(anonymous_7)
FN:39,(anonymous_8)
FNF:9
FNH:9
FNDA:1,(anonymous_0)
FNDA:1,(anonymous_1)
FNDA:1,(anonymous_2)
FNDA:1,(anonymous_3)
FNDA:1,(anonymous_4)
FNDA:3,(anonymous_5)
FNDA:3,(anonymous_6)
FNDA:1,(anonymous_7)
FNDA:1,(anonymous_8)
DA:15,1
DA:17,1
DA:21,1
DA:22,1
DA:23,1
DA:24,1
DA:26,1
DA:27,1
DA:28,0
DA:31,0
DA:32,0
DA:35,1
DA:36,3
DA:39,1
DA:40,1
DA:41,1
LF:16
LH:13
BRDA:24,0,0,1
BRDA:24,0,1,0
BRDA:26,1,0,1
BRDA:26,1,1,0
BRF:4
BRH:2
end_of_record
TN:
SF:src/stores/ui/ui.store.ts
FN:19,(anonymous_0)
FN:21,(anonymous_1)
FN:21,(anonymous_2)
FN:23,(anonymous_3)
FN:23,(anonymous_4)
FN:25,(anonymous_5)
FN:26,(anonymous_6)
FN:28,(anonymous_7)
FN:29,(anonymous_8)
FNF:9
FNH:9
FNDA:2,(anonymous_0)
FNDA:2,(anonymous_1)
FNDA:2,(anonymous_2)
FNDA:1,(anonymous_3)
FNDA:1,(anonymous_4)
FNDA:1,(anonymous_5)
FNDA:1,(anonymous_6)
FNDA:1,(anonymous_7)
FNDA:1,(anonymous_8)
DA:18,2
DA:19,2
DA:21,2
DA:23,1
DA:26,1
DA:29,1
LF:6
LH:6
BRF:0
BRH:0
end_of_record
TN:
SF:src/stores/users/users.store.ts
FN:17,(anonymous_0)
FN:20,(anonymous_1)
FN:23,(anonymous_2)
FN:35,(anonymous_3)
FN:35,(anonymous_4)
FN:36,(anonymous_5)
FN:36,(anonymous_6)
FN:39,(anonymous_7)
FN:39,(anonymous_8)
FNF:9
FNH:9
FNDA:1,(anonymous_0)
FNDA:1,(anonymous_1)
FNDA:1,(anonymous_2)
FNDA:1,(anonymous_3)
FNDA:1,(anonymous_4)
FNDA:2,(anonymous_5)
FNDA:2,(anonymous_6)
FNDA:1,(anonymous_7)
FNDA:1,(anonymous_8)
DA:15,1
DA:17,1
DA:21,1
DA:22,1
DA:23,1
DA:24,1
DA:26,1
DA:27,1
DA:28,0
DA:31,0
DA:32,0
DA:35,1
DA:36,2
DA:39,1
DA:40,1
DA:41,1
LF:16
LH:13
BRDA:24,0,0,1
BRDA:24,0,1,0
BRDA:26,1,0,1
BRDA:26,1,1,0
BRF:4
BRH:2
end_of_record
TN:
SF:src/stores/workgroups/workgroups.store.ts
FN:17,(anonymous_0)
FN:20,(anonymous_1)
FN:23,(anonymous_2)
FN:37,(anonymous_3)
FN:37,(anonymous_4)
FN:38,(anonymous_5)
FN:38,(anonymous_6)
FN:41,(anonymous_7)
FN:41,(anonymous_8)
FNF:9
FNH:9
FNDA:1,(anonymous_0)
FNDA:1,(anonymous_1)
FNDA:1,(anonymous_2)
FNDA:1,(anonymous_3)
FNDA:1,(anonymous_4)
FNDA:2,(anonymous_5)
FNDA:2,(anonymous_6)
FNDA:1,(anonymous_7)
FNDA:1,(anonymous_8)
DA:15,1
DA:17,1
DA:21,1
DA:22,1
DA:23,1
DA:24,1
DA:26,1
DA:27,1
DA:28,0
DA:31,0
DA:34,0
DA:37,1
DA:38,2
DA:41,1
DA:42,1
DA:43,1
LF:16
LH:13
BRDA:24,0,0,1
BRDA:24,0,1,0
BRDA:26,1,0,1
BRDA:26,1,1,0
BRF:4
BRH:2
end_of_record
TN:
SF:src/utils/utils.tsx
FN:9,(anonymous_0)
FN:20,(anonymous_1)
FN:35,(anonymous_2)
FN:54,(anonymous_3)
FN:72,(anonymous_4)
FN:115,(anonymous_5)
FN:117,(anonymous_6)
FN:124,(anonymous_7)
FN:129,(anonymous_8)
FN:131,(anonymous_9)
FN:133,(anonymous_10)
FN:136,(anonymous_11)
FN:141,(anonymous_12)
FN:146,(anonymous_13)
FN:152,(anonymous_14)
FN:157,(anonymous_15)
FN:163,(anonymous_16)
FN:168,(anonymous_17)
FN:174,(anonymous_18)
FN:181,(anonymous_19)
FN:203,(anonymous_20)
FN:214,(anonymous_21)
FNF:22
FNH:21
FNDA:1,(anonymous_0)
FNDA:4,(anonymous_1)
FNDA:3,(anonymous_2)
FNDA:2,(anonymous_3)
FNDA:5,(anonymous_4)
FNDA:1,(anonymous_5)
FNDA:1,(anonymous_6)
FNDA:1,(anonymous_7)
FNDA:1,(anonymous_8)
FNDA:1,(anonymous_9)
FNDA:1,(anonymous_10)
FNDA:1,(anonymous_11)
FNDA:2,(anonymous_12)
FNDA:1,(anonymous_13)
FNDA:2,(anonymous_14)
FNDA:2,(anonymous_15)
FNDA:3,(anonymous_16)
FNDA:3,(anonymous_17)
FNDA:2,(anonymous_18)
FNDA:0,(anonymous_19)
FNDA:3,(anonymous_20)
FNDA:4,(anonymous_21)
DA:9,3
DA:10,1
DA:16,1
DA:17,1
DA:20,3
DA:21,4
DA:23,1
DA:25,1
DA:27,1
DA:29,1
DA:31,0
DA:35,3
DA:36,3
DA:38,1
DA:40,1
DA:42,0
DA:44,0
DA:46,0
DA:48,1
DA:50,0
DA:54,3
DA:57,2
DA:59,1
DA:67,1
DA:68,1
DA:69,1
DA:72,3
DA:73,5
DA:75,1
DA:84,1
DA:93,1
DA:102,1
DA:111,1
DA:115,3
DA:116,1
DA:117,1
DA:119,1
DA:121,0
DA:124,3
DA:128,1
DA:129,1
DA:130,1
DA:132,1
DA:133,1
DA:136,1
DA:138,0
DA:141,3
DA:145,2
DA:146,1
DA:147,1
DA:149,1
DA:152,3
DA:156,2
DA:157,2
DA:158,2
DA:160,0
DA:163,3
DA:167,3
DA:168,3
DA:169,3
DA:171,0
DA:174,3
DA:175,2
DA:176,1
DA:178,1
DA:181,3
DA:182,0
DA:183,0
DA:184,0
DA:185,0
DA:191,0
DA:192,0
DA:195,0
DA:196,0
DA:197,0
DA:198,0
DA:199,0
DA:200,0
DA:203,3
DA:207,3
DA:208,1
DA:211,2
DA:212,3
DA:214,4
DA:217,1
DA:221,1
LF:86
LH:65
BRDA:21,0,0,1
BRDA:21,0,1,1
BRDA:21,0,2,1
BRDA:21,0,3,1
BRDA:21,0,4,0
BRDA:36,1,0,1
BRDA:36,1,1,1
BRDA:36,1,2,0
BRDA:36,1,3,0
BRDA:36,1,4,0
BRDA:36,1,5,1
BRDA:36,1,6,0
BRDA:57,2,0,1
BRDA:57,2,1,1
BRDA:69,3,0,1
BRDA:69,3,1,0
BRDA:73,4,0,1
BRDA:73,4,1,1
BRDA:73,4,2,1
BRDA:73,4,3,1
BRDA:73,4,4,1
BRDA:116,5,0,1
BRDA:116,5,1,0
BRDA:128,6,0,1
BRDA:128,6,1,0
BRDA:132,7,0,1
BRDA:132,7,1,1
BRDA:136,8,0,1
BRDA:136,8,1,0
BRDA:145,9,0,1
BRDA:145,9,1,1
BRDA:156,10,0,2
BRDA:156,10,1,0
BRDA:158,11,0,2
BRDA:158,11,1,1
BRDA:167,12,0,3
BRDA:167,12,1,0
BRDA:169,13,0,3
BRDA:169,13,1,1
BRDA:175,14,0,1
BRDA:175,14,1,1
BRDA:207,15,0,1
BRDA:207,15,1,2
BRDA:212,16,0,1
BRDA:212,16,1,2
BRF:45
BRH:34
end_of_record
